{"C:\\Users\\KhangTran\\Desktop\\xfs-chat-app-backend\\src\\server.ts": {"path":"C:\\Users\\KhangTran\\Desktop\\xfs-chat-app-backend\\src\\server.ts","statementMap":{"0":{"start":{"line":1,"column":0},"end":{"line":1,"column":67}},"1":{"start":{"line":2,"column":0},"end":{"line":2,"column":38}},"2":{"start":{"line":3,"column":0},"end":{"line":3,"column":56}},"3":{"start":{"line":4,"column":0},"end":{"line":4,"column":32}},"4":{"start":{"line":5,"column":0},"end":{"line":5,"column":58}},"5":{"start":{"line":6,"column":0},"end":{"line":6,"column":43}},"6":{"start":{"line":7,"column":0},"end":{"line":7,"column":41}},"7":{"start":{"line":8,"column":0},"end":{"line":8,"column":37}},"8":{"start":{"line":9,"column":0},"end":{"line":9,"column":24}},"9":{"start":{"line":10,"column":0},"end":{"line":10,"column":28}},"10":{"start":{"line":12,"column":13},"end":{"line":12,"column":37}},"11":{"start":{"line":13,"column":20},"end":{"line":13,"column":59}},"12":{"start":{"line":15,"column":16},"end":{"line":35,"column":2}},"13":{"start":{"line":37,"column":14},"end":{"line":37,"column":35}},"14":{"start":{"line":39,"column":12},"end":{"line":39,"column":21}},"15":{"start":{"line":40,"column":0},"end":{"line":40,"column":28}},"16":{"start":{"line":42,"column":0},"end":{"line":42,"column":24}},"17":{"start":{"line":43,"column":0},"end":{"line":43,"column":62}},"18":{"start":{"line":45,"column":21},"end":{"line":62,"column":1}},"19":{"start":{"line":51,"column":2},"end":{"line":59,"column":null}},"20":{"start":{"line":52,"column":4},"end":{"line":58,"column":7}},"21":{"start":{"line":61,"column":2},"end":{"line":61,"column":14}},"22":{"start":{"line":64,"column":0},"end":{"line":64,"column":33}},"23":{"start":{"line":65,"column":0},"end":{"line":65,"column":16}},"24":{"start":{"line":66,"column":0},"end":{"line":66,"column":31}},"25":{"start":{"line":67,"column":0},"end":{"line":67,"column":24}},"26":{"start":{"line":68,"column":0},"end":{"line":72,"column":2}},"27":{"start":{"line":73,"column":0},"end":{"line":73,"column":27}},"28":{"start":{"line":74,"column":0},"end":{"line":74,"column":28}},"29":{"start":{"line":75,"column":0},"end":{"line":75,"column":22}},"30":{"start":{"line":77,"column":0},"end":{"line":79,"column":3}},"31":{"start":{"line":78,"column":2},"end":{"line":78,"column":34}},"32":{"start":{"line":81,"column":0},"end":{"line":81,"column":19}}},"fnMap":{"0":{"name":"(anonymous_1)","decl":{"start":{"line":45,"column":21},"end":{"line":45,"column":null}},"loc":{"start":{"line":50,"column":4},"end":{"line":62,"column":1}}},"1":{"name":"(anonymous_2)","decl":{"start":{"line":77,"column":13},"end":{"line":77,"column":14}},"loc":{"start":{"line":77,"column":45},"end":{"line":79,"column":1}}}},"branchMap":{"0":{"loc":{"start":{"line":12,"column":13},"end":{"line":12,"column":37}},"type":"binary-expr","locations":[{"start":{"line":12,"column":13},"end":{"line":12,"column":29}},{"start":{"line":12,"column":33},"end":{"line":12,"column":37}}]},"1":{"loc":{"start":{"line":13,"column":20},"end":{"line":13,"column":59}},"type":"binary-expr","locations":[{"start":{"line":13,"column":20},"end":{"line":13,"column":44}},{"start":{"line":13,"column":48},"end":{"line":13,"column":59}}]},"2":{"loc":{"start":{"line":51,"column":2},"end":{"line":59,"column":null}},"type":"if","locations":[{"start":{"line":51,"column":2},"end":{"line":59,"column":null}}]},"3":{"loc":{"start":{"line":53,"column":18},"end":{"line":53,"column":37}},"type":"binary-expr","locations":[{"start":{"line":53,"column":18},"end":{"line":53,"column":30}},{"start":{"line":53,"column":34},"end":{"line":53,"column":37}}]}},"s":{"0":1,"1":1,"2":1,"3":1,"4":1,"5":1,"6":1,"7":1,"8":1,"9":1,"10":1,"11":1,"12":1,"13":1,"14":1,"15":1,"16":1,"17":1,"18":1,"19":20,"20":20,"21":0,"22":1,"23":1,"24":1,"25":1,"26":1,"27":1,"28":1,"29":1,"30":1,"31":1,"32":1},"f":{"0":20,"1":1},"b":{"0":[1,1],"1":[1,1],"2":[20],"3":[20,0]}}
,"C:\\Users\\KhangTran\\Desktop\\xfs-chat-app-backend\\src\\configs\\Database.ts": {"path":"C:\\Users\\KhangTran\\Desktop\\xfs-chat-app-backend\\src\\configs\\Database.ts","statementMap":{"0":{"start":{"line":1,"column":0},"end":{"line":1,"column":51}},"1":{"start":{"line":2,"column":0},"end":{"line":2,"column":37}},"2":{"start":{"line":3,"column":0},"end":{"line":3,"column":32}},"3":{"start":{"line":4,"column":0},"end":{"line":4,"column":28}},"4":{"start":{"line":6,"column":0},"end":{"line":6,"column":9}},"5":{"start":{"line":19,"column":10},"end":{"line":33,"column":4}},"6":{"start":{"line":12,"column":4},"end":{"line":14,"column":null}},"7":{"start":{"line":13,"column":6},"end":{"line":13,"column":38}},"8":{"start":{"line":16,"column":4},"end":{"line":16,"column":26}},"9":{"start":{"line":36,"column":36},"end":{"line":43,"column":6}},"10":{"start":{"line":36,"column":74},"end":{"line":43,"column":6}},"11":{"start":{"line":37,"column":6},"end":{"line":42,"column":null}},"12":{"start":{"line":38,"column":8},"end":{"line":38,"column":47}},"13":{"start":{"line":39,"column":8},"end":{"line":39,"column":61}},"14":{"start":{"line":41,"column":8},"end":{"line":41,"column":27}},"15":{"start":{"line":45,"column":4},"end":{"line":45,"column":47}},"16":{"start":{"line":49,"column":29},"end":{"line":57,"column":6}},"17":{"start":{"line":49,"column":67},"end":{"line":57,"column":6}},"18":{"start":{"line":50,"column":23},"end":{"line":50,"column":58}},"19":{"start":{"line":52,"column":25},"end":{"line":54,"column":19}},"20":{"start":{"line":53,"column":25},"end":{"line":53,"column":48}},"21":{"start":{"line":56,"column":6},"end":{"line":56,"column":79}},"22":{"start":{"line":59,"column":4},"end":{"line":59,"column":40}},"23":{"start":{"line":63,"column":35},"end":{"line":64,"column":null}},"24":{"start":{"line":63,"column":73},"end":{"line":64,"column":null}},"25":{"start":{"line":64,"column":6},"end":{"line":64,"column":null}},"26":{"start":{"line":67,"column":4},"end":{"line":67,"column":46}},"27":{"start":{"line":71,"column":19},"end":{"line":71,"column":68}},"28":{"start":{"line":71,"column":49},"end":{"line":71,"column":67}},"29":{"start":{"line":73,"column":4},"end":{"line":75,"column":null}},"30":{"start":{"line":74,"column":6},"end":{"line":74,"column":49}},"31":{"start":{"line":77,"column":4},"end":{"line":77,"column":29}},"32":{"start":{"line":8,"column":0},"end":{"line":8,"column":21}}},"fnMap":{"0":{"name":"(anonymous_7)","decl":{"start":{"line":8,"column":0},"end":{"line":8,"column":21}},"loc":{"start":{"line":8,"column":0},"end":{"line":79,"column":1}}},"1":{"name":"(anonymous_8)","decl":{"start":{"line":11,"column":9},"end":{"line":11,"column":15}},"loc":{"start":{"line":11,"column":28},"end":{"line":17,"column":3}}},"2":{"name":"(anonymous_9)","decl":{"start":{"line":35,"column":8},"end":{"line":35,"column":18}},"loc":{"start":{"line":35,"column":18},"end":{"line":46,"column":null}}},"3":{"name":"(anonymous_11)","decl":{"start":{"line":36,"column":55},"end":{"line":36,"column":62}},"loc":{"start":{"line":36,"column":74},"end":{"line":43,"column":6}}},"4":{"name":"(anonymous_12)","decl":{"start":{"line":36,"column":74},"end":{"line":36,"column":null}},"loc":{"start":{"line":36,"column":74},"end":{"line":43,"column":5}}},"5":{"name":"(anonymous_13)","decl":{"start":{"line":48,"column":8},"end":{"line":48,"column":22}},"loc":{"start":{"line":48,"column":22},"end":{"line":60,"column":null}}},"6":{"name":"(anonymous_15)","decl":{"start":{"line":49,"column":48},"end":{"line":49,"column":55}},"loc":{"start":{"line":49,"column":67},"end":{"line":57,"column":6}}},"7":{"name":"(anonymous_16)","decl":{"start":{"line":49,"column":67},"end":{"line":49,"column":null}},"loc":{"start":{"line":49,"column":67},"end":{"line":57,"column":5}}},"8":{"name":"(anonymous_17)","decl":{"start":{"line":53,"column":13},"end":{"line":53,"column":14}},"loc":{"start":{"line":53,"column":25},"end":{"line":53,"column":48}}},"9":{"name":"(anonymous_18)","decl":{"start":{"line":62,"column":8},"end":{"line":62,"column":13}},"loc":{"start":{"line":62,"column":13},"end":{"line":68,"column":null}}},"10":{"name":"(anonymous_20)","decl":{"start":{"line":63,"column":54},"end":{"line":63,"column":61}},"loc":{"start":{"line":63,"column":73},"end":{"line":64,"column":null}}},"11":{"name":"(anonymous_21)","decl":{"start":{"line":63,"column":73},"end":{"line":63,"column":null}},"loc":{"start":{"line":63,"column":73},"end":{"line":64,"column":null}}},"12":{"name":"(anonymous_22)","decl":{"start":{"line":70,"column":2},"end":{"line":70,"column":15}},"loc":{"start":{"line":70,"column":28},"end":{"line":78,"column":3}}},"13":{"name":"(anonymous_23)","decl":{"start":{"line":71,"column":39},"end":{"line":71,"column":40}},"loc":{"start":{"line":71,"column":49},"end":{"line":71,"column":67}}}},"branchMap":{"0":{"loc":{"start":{"line":12,"column":4},"end":{"line":14,"column":null}},"type":"if","locations":[{"start":{"line":12,"column":4},"end":{"line":14,"column":null}}]},"1":{"loc":{"start":{"line":73,"column":4},"end":{"line":75,"column":null}},"type":"if","locations":[{"start":{"line":73,"column":4},"end":{"line":75,"column":null}}]}},"s":{"0":1,"1":1,"2":1,"3":1,"4":1,"5":1,"6":6,"7":1,"8":6,"9":1,"10":1,"11":1,"12":1,"13":1,"14":0,"15":1,"16":1,"17":1,"18":1,"19":1,"20":4,"21":1,"22":1,"23":1,"24":1,"25":1,"26":1,"27":3,"28":3,"29":3,"30":0,"31":3,"32":1},"f":{"0":1,"1":6,"2":1,"3":1,"4":1,"5":1,"6":1,"7":1,"8":4,"9":1,"10":1,"11":1,"12":3,"13":3},"b":{"0":[1],"1":[0]}}
,"C:\\Users\\KhangTran\\Desktop\\xfs-chat-app-backend\\src\\controllers\\auth.controller.ts": {"path":"C:\\Users\\KhangTran\\Desktop\\xfs-chat-app-backend\\src\\controllers\\auth.controller.ts","statementMap":{"0":{"start":{"line":2,"column":0},"end":{"line":2,"column":48}},"1":{"start":{"line":5,"column":0},"end":{"line":5,"column":56}},"2":{"start":{"line":6,"column":0},"end":{"line":6,"column":72}},"3":{"start":{"line":9,"column":21},"end":{"line":22,"column":2}},"4":{"start":{"line":13,"column":4},"end":{"line":22,"column":2}},"5":{"start":{"line":14,"column":2},"end":{"line":21,"column":null}},"6":{"start":{"line":15,"column":4},"end":{"line":15,"column":54}},"7":{"start":{"line":16,"column":17},"end":{"line":16,"column":48}},"8":{"start":{"line":17,"column":18},"end":{"line":17,"column":35}},"9":{"start":{"line":18,"column":4},"end":{"line":18,"column":68}},"10":{"start":{"line":20,"column":4},"end":{"line":20,"column":16}},"11":{"start":{"line":9,"column":13},"end":{"line":9,"column":21}},"12":{"start":{"line":24,"column":24},"end":{"line":38,"column":2}},"13":{"start":{"line":28,"column":4},"end":{"line":38,"column":2}},"14":{"start":{"line":29,"column":2},"end":{"line":37,"column":null}},"15":{"start":{"line":30,"column":4},"end":{"line":30,"column":54}},"16":{"start":{"line":31,"column":17},"end":{"line":31,"column":43}},"17":{"start":{"line":32,"column":4},"end":{"line":34,"column":46}},"18":{"start":{"line":36,"column":4},"end":{"line":36,"column":16}},"19":{"start":{"line":24,"column":13},"end":{"line":24,"column":24}}},"fnMap":{"0":{"name":"(anonymous_7)","decl":{"start":{"line":9,"column":21},"end":{"line":9,"column":null}},"loc":{"start":{"line":13,"column":4},"end":{"line":22,"column":2}}},"1":{"name":"(anonymous_8)","decl":{"start":{"line":13,"column":4},"end":{"line":13,"column":null}},"loc":{"start":{"line":13,"column":4},"end":{"line":22,"column":1}}},"2":{"name":"(anonymous_9)","decl":{"start":{"line":24,"column":24},"end":{"line":24,"column":null}},"loc":{"start":{"line":28,"column":4},"end":{"line":38,"column":2}}},"3":{"name":"(anonymous_10)","decl":{"start":{"line":28,"column":4},"end":{"line":28,"column":null}},"loc":{"start":{"line":28,"column":4},"end":{"line":38,"column":1}}}},"branchMap":{},"s":{"0":1,"1":1,"2":1,"3":1,"4":10,"5":10,"6":10,"7":10,"8":4,"9":4,"10":6,"11":1,"12":1,"13":3,"14":3,"15":3,"16":3,"17":2,"18":1,"19":1},"f":{"0":10,"1":10,"2":3,"3":3},"b":{}}
,"C:\\Users\\KhangTran\\Desktop\\xfs-chat-app-backend\\src\\controllers\\message.controller.ts": {"path":"C:\\Users\\KhangTran\\Desktop\\xfs-chat-app-backend\\src\\controllers\\message.controller.ts","statementMap":{"0":{"start":{"line":4,"column":0},"end":{"line":4,"column":48}},"1":{"start":{"line":5,"column":0},"end":{"line":5,"column":63}},"2":{"start":{"line":8,"column":28},"end":{"line":20,"column":2}},"3":{"start":{"line":12,"column":4},"end":{"line":20,"column":2}},"4":{"start":{"line":13,"column":2},"end":{"line":19,"column":null}},"5":{"start":{"line":14,"column":4},"end":{"line":14,"column":54}},"6":{"start":{"line":15,"column":18},"end":{"line":15,"column":62}},"7":{"start":{"line":16,"column":4},"end":{"line":16,"column":55}},"8":{"start":{"line":18,"column":4},"end":{"line":18,"column":16}},"9":{"start":{"line":8,"column":13},"end":{"line":8,"column":28}},"10":{"start":{"line":22,"column":27},"end":{"line":40,"column":2}},"11":{"start":{"line":26,"column":4},"end":{"line":40,"column":2}},"12":{"start":{"line":27,"column":2},"end":{"line":39,"column":null}},"13":{"start":{"line":28,"column":4},"end":{"line":28,"column":54}},"14":{"start":{"line":29,"column":32},"end":{"line":31,"column":null}},"15":{"start":{"line":33,"column":4},"end":{"line":36,"column":7}},"16":{"start":{"line":38,"column":4},"end":{"line":38,"column":16}},"17":{"start":{"line":22,"column":13},"end":{"line":22,"column":27}},"18":{"start":{"line":42,"column":30},"end":{"line":54,"column":2}},"19":{"start":{"line":46,"column":4},"end":{"line":54,"column":2}},"20":{"start":{"line":47,"column":2},"end":{"line":53,"column":null}},"21":{"start":{"line":48,"column":4},"end":{"line":48,"column":54}},"22":{"start":{"line":49,"column":4},"end":{"line":49,"column":54}},"23":{"start":{"line":50,"column":4},"end":{"line":50,"column":46}},"24":{"start":{"line":52,"column":4},"end":{"line":52,"column":16}},"25":{"start":{"line":42,"column":13},"end":{"line":42,"column":30}}},"fnMap":{"0":{"name":"(anonymous_13)","decl":{"start":{"line":8,"column":28},"end":{"line":8,"column":null}},"loc":{"start":{"line":12,"column":4},"end":{"line":20,"column":2}}},"1":{"name":"(anonymous_14)","decl":{"start":{"line":12,"column":4},"end":{"line":12,"column":null}},"loc":{"start":{"line":12,"column":4},"end":{"line":20,"column":1}}},"2":{"name":"(anonymous_15)","decl":{"start":{"line":22,"column":27},"end":{"line":22,"column":null}},"loc":{"start":{"line":26,"column":4},"end":{"line":40,"column":2}}},"3":{"name":"(anonymous_16)","decl":{"start":{"line":26,"column":4},"end":{"line":26,"column":null}},"loc":{"start":{"line":26,"column":4},"end":{"line":40,"column":1}}},"4":{"name":"(anonymous_17)","decl":{"start":{"line":42,"column":30},"end":{"line":42,"column":null}},"loc":{"start":{"line":46,"column":4},"end":{"line":54,"column":2}}},"5":{"name":"(anonymous_18)","decl":{"start":{"line":46,"column":4},"end":{"line":46,"column":null}},"loc":{"start":{"line":46,"column":4},"end":{"line":54,"column":1}}}},"branchMap":{},"s":{"0":1,"1":1,"2":1,"3":0,"4":0,"5":0,"6":0,"7":0,"8":0,"9":1,"10":1,"11":0,"12":0,"13":0,"14":0,"15":0,"16":0,"17":1,"18":1,"19":0,"20":0,"21":0,"22":0,"23":0,"24":0,"25":1},"f":{"0":0,"1":0,"2":0,"3":0,"4":0,"5":0},"b":{}}
,"C:\\Users\\KhangTran\\Desktop\\xfs-chat-app-backend\\src\\controllers\\user-friend.controller.ts": {"path":"C:\\Users\\KhangTran\\Desktop\\xfs-chat-app-backend\\src\\controllers\\user-friend.controller.ts","statementMap":{"0":{"start":{"line":2,"column":0},"end":{"line":2,"column":48}},"1":{"start":{"line":4,"column":0},"end":{"line":4,"column":70}},"2":{"start":{"line":8,"column":33},"end":{"line":26,"column":2}},"3":{"start":{"line":12,"column":4},"end":{"line":26,"column":2}},"4":{"start":{"line":13,"column":2},"end":{"line":25,"column":null}},"5":{"start":{"line":14,"column":4},"end":{"line":14,"column":54}},"6":{"start":{"line":15,"column":4},"end":{"line":17,"column":null}},"7":{"start":{"line":16,"column":6},"end":{"line":16,"column":18}},"8":{"start":{"line":19,"column":20},"end":{"line":19,"column":36}},"9":{"start":{"line":21,"column":19},"end":{"line":21,"column":78}},"10":{"start":{"line":22,"column":4},"end":{"line":22,"column":51}},"11":{"start":{"line":24,"column":4},"end":{"line":24,"column":16}},"12":{"start":{"line":8,"column":13},"end":{"line":8,"column":33}},"13":{"start":{"line":28,"column":33},"end":{"line":53,"column":2}},"14":{"start":{"line":32,"column":4},"end":{"line":53,"column":2}},"15":{"start":{"line":33,"column":2},"end":{"line":52,"column":null}},"16":{"start":{"line":34,"column":4},"end":{"line":34,"column":54}},"17":{"start":{"line":36,"column":4},"end":{"line":38,"column":null}},"18":{"start":{"line":37,"column":6},"end":{"line":37,"column":18}},"19":{"start":{"line":40,"column":20},"end":{"line":40,"column":36}},"20":{"start":{"line":42,"column":31},"end":{"line":44,"column":null}},"21":{"start":{"line":46,"column":4},"end":{"line":49,"column":7}},"22":{"start":{"line":51,"column":4},"end":{"line":51,"column":16}},"23":{"start":{"line":28,"column":13},"end":{"line":28,"column":33}}},"fnMap":{"0":{"name":"(anonymous_13)","decl":{"start":{"line":8,"column":33},"end":{"line":8,"column":null}},"loc":{"start":{"line":12,"column":4},"end":{"line":26,"column":2}}},"1":{"name":"(anonymous_14)","decl":{"start":{"line":12,"column":4},"end":{"line":12,"column":null}},"loc":{"start":{"line":12,"column":4},"end":{"line":26,"column":1}}},"2":{"name":"(anonymous_15)","decl":{"start":{"line":28,"column":33},"end":{"line":28,"column":null}},"loc":{"start":{"line":32,"column":4},"end":{"line":53,"column":2}}},"3":{"name":"(anonymous_16)","decl":{"start":{"line":32,"column":4},"end":{"line":32,"column":null}},"loc":{"start":{"line":32,"column":4},"end":{"line":53,"column":1}}}},"branchMap":{"0":{"loc":{"start":{"line":15,"column":4},"end":{"line":17,"column":null}},"type":"if","locations":[{"start":{"line":15,"column":4},"end":{"line":17,"column":null}}]},"1":{"loc":{"start":{"line":36,"column":4},"end":{"line":38,"column":null}},"type":"if","locations":[{"start":{"line":36,"column":4},"end":{"line":38,"column":null}}]}},"s":{"0":1,"1":1,"2":1,"3":0,"4":0,"5":0,"6":0,"7":0,"8":0,"9":0,"10":0,"11":0,"12":1,"13":1,"14":0,"15":0,"16":0,"17":0,"18":0,"19":0,"20":0,"21":0,"22":0,"23":1},"f":{"0":0,"1":0,"2":0,"3":0},"b":{"0":[0],"1":[0]}}
,"C:\\Users\\KhangTran\\Desktop\\xfs-chat-app-backend\\src\\controllers\\user.controller.ts": {"path":"C:\\Users\\KhangTran\\Desktop\\xfs-chat-app-backend\\src\\controllers\\user.controller.ts","statementMap":{"0":{"start":{"line":2,"column":0},"end":{"line":2,"column":48}},"1":{"start":{"line":5,"column":0},"end":{"line":5,"column":57}},"2":{"start":{"line":6,"column":0},"end":{"line":6,"column":55}},"3":{"start":{"line":12,"column":26},"end":{"line":24,"column":2}},"4":{"start":{"line":16,"column":4},"end":{"line":24,"column":2}},"5":{"start":{"line":17,"column":2},"end":{"line":23,"column":null}},"6":{"start":{"line":18,"column":4},"end":{"line":18,"column":54}},"7":{"start":{"line":19,"column":17},"end":{"line":19,"column":55}},"8":{"start":{"line":20,"column":4},"end":{"line":20,"column":54}},"9":{"start":{"line":22,"column":4},"end":{"line":22,"column":16}},"10":{"start":{"line":12,"column":13},"end":{"line":12,"column":26}},"11":{"start":{"line":26,"column":26},"end":{"line":38,"column":2}},"12":{"start":{"line":30,"column":4},"end":{"line":38,"column":2}},"13":{"start":{"line":31,"column":2},"end":{"line":37,"column":null}},"14":{"start":{"line":32,"column":4},"end":{"line":32,"column":54}},"15":{"start":{"line":33,"column":20},"end":{"line":33,"column":73}},"16":{"start":{"line":34,"column":4},"end":{"line":34,"column":57}},"17":{"start":{"line":36,"column":4},"end":{"line":36,"column":16}},"18":{"start":{"line":26,"column":13},"end":{"line":26,"column":26}},"19":{"start":{"line":40,"column":26},"end":{"line":52,"column":2}},"20":{"start":{"line":44,"column":4},"end":{"line":52,"column":2}},"21":{"start":{"line":45,"column":2},"end":{"line":51,"column":null}},"22":{"start":{"line":46,"column":4},"end":{"line":46,"column":54}},"23":{"start":{"line":47,"column":4},"end":{"line":47,"column":48}},"24":{"start":{"line":48,"column":4},"end":{"line":48,"column":46}},"25":{"start":{"line":50,"column":4},"end":{"line":50,"column":16}},"26":{"start":{"line":40,"column":13},"end":{"line":40,"column":26}},"27":{"start":{"line":54,"column":30},"end":{"line":67,"column":2}},"28":{"start":{"line":58,"column":4},"end":{"line":67,"column":2}},"29":{"start":{"line":59,"column":2},"end":{"line":66,"column":null}},"30":{"start":{"line":60,"column":17},"end":{"line":60,"column":33}},"31":{"start":{"line":61,"column":4},"end":{"line":61,"column":42}},"32":{"start":{"line":63,"column":4},"end":{"line":63,"column":46}},"33":{"start":{"line":65,"column":4},"end":{"line":65,"column":16}},"34":{"start":{"line":54,"column":13},"end":{"line":54,"column":30}},"35":{"start":{"line":69,"column":27},"end":{"line":83,"column":2}},"36":{"start":{"line":73,"column":4},"end":{"line":83,"column":2}},"37":{"start":{"line":74,"column":2},"end":{"line":82,"column":null}},"38":{"start":{"line":75,"column":4},"end":{"line":75,"column":54}},"39":{"start":{"line":76,"column":17},"end":{"line":78,"column":6}},"40":{"start":{"line":79,"column":4},"end":{"line":79,"column":49}},"41":{"start":{"line":81,"column":4},"end":{"line":81,"column":16}},"42":{"start":{"line":69,"column":13},"end":{"line":69,"column":27}},"43":{"start":{"line":85,"column":26},"end":{"line":101,"column":2}},"44":{"start":{"line":89,"column":4},"end":{"line":101,"column":2}},"45":{"start":{"line":90,"column":2},"end":{"line":100,"column":null}},"46":{"start":{"line":91,"column":4},"end":{"line":91,"column":54}},"47":{"start":{"line":92,"column":29},"end":{"line":92,"column":69}},"48":{"start":{"line":94,"column":4},"end":{"line":97,"column":7}},"49":{"start":{"line":99,"column":4},"end":{"line":99,"column":16}},"50":{"start":{"line":85,"column":13},"end":{"line":85,"column":26}},"51":{"start":{"line":103,"column":30},"end":{"line":123,"column":2}},"52":{"start":{"line":107,"column":4},"end":{"line":123,"column":2}},"53":{"start":{"line":108,"column":2},"end":{"line":110,"column":null}},"54":{"start":{"line":109,"column":4},"end":{"line":109,"column":16}},"55":{"start":{"line":112,"column":18},"end":{"line":112,"column":34}},"56":{"start":{"line":114,"column":2},"end":{"line":122,"column":null}},"57":{"start":{"line":115,"column":17},"end":{"line":117,"column":6}},"58":{"start":{"line":119,"column":4},"end":{"line":119,"column":49}},"59":{"start":{"line":121,"column":4},"end":{"line":121,"column":16}},"60":{"start":{"line":103,"column":13},"end":{"line":103,"column":30}},"61":{"start":{"line":125,"column":33},"end":{"line":140,"column":2}},"62":{"start":{"line":129,"column":4},"end":{"line":140,"column":2}},"63":{"start":{"line":130,"column":2},"end":{"line":139,"column":null}},"64":{"start":{"line":131,"column":4},"end":{"line":131,"column":54}},"65":{"start":{"line":133,"column":17},"end":{"line":133,"column":33}},"66":{"start":{"line":135,"column":20},"end":{"line":135,"column":74}},"67":{"start":{"line":136,"column":4},"end":{"line":136,"column":52}},"68":{"start":{"line":138,"column":4},"end":{"line":138,"column":16}},"69":{"start":{"line":125,"column":13},"end":{"line":125,"column":33}},"70":{"start":{"line":142,"column":34},"end":{"line":158,"column":2}},"71":{"start":{"line":146,"column":4},"end":{"line":158,"column":2}},"72":{"start":{"line":147,"column":2},"end":{"line":157,"column":null}},"73":{"start":{"line":148,"column":4},"end":{"line":148,"column":54}},"74":{"start":{"line":149,"column":4},"end":{"line":151,"column":null}},"75":{"start":{"line":150,"column":6},"end":{"line":150,"column":18}},"76":{"start":{"line":152,"column":20},"end":{"line":152,"column":36}},"77":{"start":{"line":153,"column":4},"end":{"line":153,"column":63}},"78":{"start":{"line":154,"column":4},"end":{"line":154,"column":66}},"79":{"start":{"line":156,"column":4},"end":{"line":156,"column":16}},"80":{"start":{"line":142,"column":13},"end":{"line":142,"column":34}},"81":{"start":{"line":160,"column":34},"end":{"line":174,"column":2}},"82":{"start":{"line":164,"column":4},"end":{"line":174,"column":2}},"83":{"start":{"line":165,"column":2},"end":{"line":173,"column":null}},"84":{"start":{"line":166,"column":4},"end":{"line":166,"column":54}},"85":{"start":{"line":167,"column":21},"end":{"line":168,"column":null}},"86":{"start":{"line":170,"column":4},"end":{"line":170,"column":53}},"87":{"start":{"line":172,"column":4},"end":{"line":172,"column":16}},"88":{"start":{"line":160,"column":13},"end":{"line":160,"column":34}},"89":{"start":{"line":176,"column":31},"end":{"line":188,"column":2}},"90":{"start":{"line":180,"column":4},"end":{"line":188,"column":2}},"91":{"start":{"line":181,"column":2},"end":{"line":187,"column":null}},"92":{"start":{"line":182,"column":4},"end":{"line":182,"column":54}},"93":{"start":{"line":183,"column":18},"end":{"line":183,"column":76}},"94":{"start":{"line":184,"column":4},"end":{"line":184,"column":50}},"95":{"start":{"line":186,"column":4},"end":{"line":186,"column":16}},"96":{"start":{"line":176,"column":13},"end":{"line":176,"column":31}}},"fnMap":{"0":{"name":"(anonymous_13)","decl":{"start":{"line":12,"column":26},"end":{"line":12,"column":null}},"loc":{"start":{"line":16,"column":4},"end":{"line":24,"column":2}}},"1":{"name":"(anonymous_14)","decl":{"start":{"line":16,"column":4},"end":{"line":16,"column":null}},"loc":{"start":{"line":16,"column":4},"end":{"line":24,"column":1}}},"2":{"name":"(anonymous_15)","decl":{"start":{"line":26,"column":26},"end":{"line":26,"column":null}},"loc":{"start":{"line":30,"column":4},"end":{"line":38,"column":2}}},"3":{"name":"(anonymous_16)","decl":{"start":{"line":30,"column":4},"end":{"line":30,"column":null}},"loc":{"start":{"line":30,"column":4},"end":{"line":38,"column":1}}},"4":{"name":"(anonymous_17)","decl":{"start":{"line":40,"column":26},"end":{"line":40,"column":null}},"loc":{"start":{"line":44,"column":4},"end":{"line":52,"column":2}}},"5":{"name":"(anonymous_18)","decl":{"start":{"line":44,"column":4},"end":{"line":44,"column":null}},"loc":{"start":{"line":44,"column":4},"end":{"line":52,"column":1}}},"6":{"name":"(anonymous_19)","decl":{"start":{"line":54,"column":30},"end":{"line":54,"column":null}},"loc":{"start":{"line":58,"column":4},"end":{"line":67,"column":2}}},"7":{"name":"(anonymous_20)","decl":{"start":{"line":58,"column":4},"end":{"line":58,"column":null}},"loc":{"start":{"line":58,"column":4},"end":{"line":67,"column":1}}},"8":{"name":"(anonymous_21)","decl":{"start":{"line":69,"column":27},"end":{"line":69,"column":null}},"loc":{"start":{"line":73,"column":4},"end":{"line":83,"column":2}}},"9":{"name":"(anonymous_22)","decl":{"start":{"line":73,"column":4},"end":{"line":73,"column":null}},"loc":{"start":{"line":73,"column":4},"end":{"line":83,"column":1}}},"10":{"name":"(anonymous_23)","decl":{"start":{"line":85,"column":26},"end":{"line":85,"column":null}},"loc":{"start":{"line":89,"column":4},"end":{"line":101,"column":2}}},"11":{"name":"(anonymous_24)","decl":{"start":{"line":89,"column":4},"end":{"line":89,"column":null}},"loc":{"start":{"line":89,"column":4},"end":{"line":101,"column":1}}},"12":{"name":"(anonymous_25)","decl":{"start":{"line":103,"column":30},"end":{"line":103,"column":null}},"loc":{"start":{"line":107,"column":4},"end":{"line":123,"column":2}}},"13":{"name":"(anonymous_26)","decl":{"start":{"line":107,"column":4},"end":{"line":107,"column":null}},"loc":{"start":{"line":107,"column":4},"end":{"line":123,"column":1}}},"14":{"name":"(anonymous_27)","decl":{"start":{"line":125,"column":33},"end":{"line":125,"column":null}},"loc":{"start":{"line":129,"column":4},"end":{"line":140,"column":2}}},"15":{"name":"(anonymous_28)","decl":{"start":{"line":129,"column":4},"end":{"line":129,"column":null}},"loc":{"start":{"line":129,"column":4},"end":{"line":140,"column":1}}},"16":{"name":"(anonymous_29)","decl":{"start":{"line":142,"column":34},"end":{"line":142,"column":null}},"loc":{"start":{"line":146,"column":4},"end":{"line":158,"column":2}}},"17":{"name":"(anonymous_30)","decl":{"start":{"line":146,"column":4},"end":{"line":146,"column":null}},"loc":{"start":{"line":146,"column":4},"end":{"line":158,"column":1}}},"18":{"name":"(anonymous_31)","decl":{"start":{"line":160,"column":34},"end":{"line":160,"column":null}},"loc":{"start":{"line":164,"column":4},"end":{"line":174,"column":2}}},"19":{"name":"(anonymous_32)","decl":{"start":{"line":164,"column":4},"end":{"line":164,"column":null}},"loc":{"start":{"line":164,"column":4},"end":{"line":174,"column":1}}},"20":{"name":"(anonymous_33)","decl":{"start":{"line":176,"column":31},"end":{"line":176,"column":null}},"loc":{"start":{"line":180,"column":4},"end":{"line":188,"column":2}}},"21":{"name":"(anonymous_34)","decl":{"start":{"line":180,"column":4},"end":{"line":180,"column":null}},"loc":{"start":{"line":180,"column":4},"end":{"line":188,"column":1}}}},"branchMap":{"0":{"loc":{"start":{"line":108,"column":2},"end":{"line":110,"column":null}},"type":"if","locations":[{"start":{"line":108,"column":2},"end":{"line":110,"column":null}}]},"1":{"loc":{"start":{"line":149,"column":4},"end":{"line":151,"column":null}},"type":"if","locations":[{"start":{"line":149,"column":4},"end":{"line":151,"column":null}}]}},"s":{"0":1,"1":1,"2":1,"3":1,"4":0,"5":0,"6":0,"7":0,"8":0,"9":0,"10":1,"11":1,"12":0,"13":0,"14":0,"15":0,"16":0,"17":0,"18":1,"19":1,"20":0,"21":0,"22":0,"23":0,"24":0,"25":0,"26":1,"27":1,"28":0,"29":0,"30":0,"31":0,"32":0,"33":0,"34":1,"35":1,"36":0,"37":0,"38":0,"39":0,"40":0,"41":0,"42":1,"43":1,"44":0,"45":0,"46":0,"47":0,"48":0,"49":0,"50":1,"51":1,"52":1,"53":1,"54":0,"55":1,"56":1,"57":1,"58":1,"59":0,"60":1,"61":1,"62":6,"63":6,"64":6,"65":6,"66":6,"67":4,"68":2,"69":1,"70":1,"71":0,"72":0,"73":0,"74":0,"75":0,"76":0,"77":0,"78":0,"79":0,"80":1,"81":1,"82":2,"83":2,"84":2,"85":2,"86":2,"87":0,"88":1,"89":1,"90":2,"91":2,"92":2,"93":2,"94":2,"95":0,"96":1},"f":{"0":0,"1":0,"2":0,"3":0,"4":0,"5":0,"6":0,"7":0,"8":0,"9":0,"10":0,"11":0,"12":1,"13":1,"14":6,"15":6,"16":0,"17":0,"18":2,"19":2,"20":2,"21":2},"b":{"0":[0],"1":[0]}}
,"C:\\Users\\KhangTran\\Desktop\\xfs-chat-app-backend\\src\\decorators\\index.ts": {"path":"C:\\Users\\KhangTran\\Desktop\\xfs-chat-app-backend\\src\\decorators\\index.ts","statementMap":{"0":{"start":{"line":1,"column":0},"end":{"line":1,"column":41}}},"fnMap":{},"branchMap":{},"s":{"0":1},"f":{},"b":{}}
,"C:\\Users\\KhangTran\\Desktop\\xfs-chat-app-backend\\src\\decorators\\is-not-blank.decorator.ts": {"path":"C:\\Users\\KhangTran\\Desktop\\xfs-chat-app-backend\\src\\decorators\\is-not-blank.decorator.ts","statementMap":{"0":{"start":{"line":1,"column":0},"end":{"line":1,"column":null}},"1":{"start":{"line":10,"column":2},"end":{"line":17,"column":4}},"2":{"start":{"line":11,"column":4},"end":{"line":16,"column":7}},"3":{"start":{"line":9,"column":0},"end":{"line":9,"column":16}},"4":{"start":{"line":21,"column":7},"end":{"line":29,"column":null}},"5":{"start":{"line":23,"column":4},"end":{"line":23,"column":64}},"6":{"start":{"line":27,"column":4},"end":{"line":27,"column":59}},"7":{"start":{"line":21,"column":13},"end":{"line":29,"column":null}},"8":{"start":{"line":21,"column":13},"end":{"line":21,"column":33}}},"fnMap":{"0":{"name":"IsNotBlank","decl":{"start":{"line":9,"column":16},"end":{"line":9,"column":26}},"loc":{"start":{"line":9,"column":64},"end":{"line":18,"column":1}}},"1":{"name":"(anonymous_2)","decl":{"start":{"line":10,"column":9},"end":{"line":10,"column":10}},"loc":{"start":{"line":10,"column":47},"end":{"line":17,"column":3}}},"2":{"name":"(anonymous_3)","decl":{"start":{"line":22,"column":2},"end":{"line":22,"column":10}},"loc":{"start":{"line":22,"column":24},"end":{"line":24,"column":3}}},"3":{"name":"(anonymous_4)","decl":{"start":{"line":26,"column":2},"end":{"line":26,"column":16}},"loc":{"start":{"line":26,"column":57},"end":{"line":28,"column":3}}}},"branchMap":{"0":{"loc":{"start":{"line":23,"column":11},"end":{"line":23,"column":63}},"type":"binary-expr","locations":[{"start":{"line":23,"column":11},"end":{"line":23,"column":36}},{"start":{"line":23,"column":40},"end":{"line":23,"column":63}}]}},"s":{"0":1,"1":8,"2":8,"3":1,"4":1,"5":14,"6":4,"7":1,"8":1},"f":{"0":8,"1":8,"2":14,"3":4},"b":{"0":[14,10]}}
,"C:\\Users\\KhangTran\\Desktop\\xfs-chat-app-backend\\src\\dto\\auth\\auth-login.dto.ts": {"path":"C:\\Users\\KhangTran\\Desktop\\xfs-chat-app-backend\\src\\dto\\auth\\auth-login.dto.ts","statementMap":{"0":{"start":{"line":1,"column":0},"end":{"line":1,"column":55}},"1":{"start":{"line":4,"column":2},"end":{"line":6,"column":null}},"2":{"start":{"line":8,"column":2},"end":{"line":10,"column":null}},"3":{"start":{"line":12,"column":2},"end":{"line":13,"column":null}},"4":{"start":{"line":3,"column":0},"end":{"line":3,"column":13}}},"fnMap":{},"branchMap":{},"s":{"0":1,"1":1,"2":1,"3":1,"4":1},"f":{},"b":{}}
,"C:\\Users\\KhangTran\\Desktop\\xfs-chat-app-backend\\src\\dto\\auth\\check-email-exists.dto.ts": {"path":"C:\\Users\\KhangTran\\Desktop\\xfs-chat-app-backend\\src\\dto\\auth\\check-email-exists.dto.ts","statementMap":{"0":{"start":{"line":1,"column":0},"end":{"line":1,"column":55}},"1":{"start":{"line":4,"column":2},"end":{"line":6,"column":null}},"2":{"start":{"line":3,"column":0},"end":{"line":3,"column":13}}},"fnMap":{},"branchMap":{},"s":{"0":1,"1":1,"2":1},"f":{},"b":{}}
,"C:\\Users\\KhangTran\\Desktop\\xfs-chat-app-backend\\src\\dto\\auth\\check-username-exists.dto.ts": {"path":"C:\\Users\\KhangTran\\Desktop\\xfs-chat-app-backend\\src\\dto\\auth\\check-username-exists.dto.ts","statementMap":{"0":{"start":{"line":1,"column":0},"end":{"line":1,"column":55}},"1":{"start":{"line":4,"column":2},"end":{"line":6,"column":null}},"2":{"start":{"line":3,"column":0},"end":{"line":3,"column":13}}},"fnMap":{},"branchMap":{},"s":{"0":1,"1":1,"2":1},"f":{},"b":{}}
,"C:\\Users\\KhangTran\\Desktop\\xfs-chat-app-backend\\src\\dto\\auth\\index.ts": {"path":"C:\\Users\\KhangTran\\Desktop\\xfs-chat-app-backend\\src\\dto\\auth\\index.ts","statementMap":{"0":{"start":{"line":1,"column":0},"end":{"line":1,"column":33}},"1":{"start":{"line":2,"column":0},"end":{"line":2,"column":44}},"2":{"start":{"line":3,"column":0},"end":{"line":3,"column":41}}},"fnMap":{},"branchMap":{},"s":{"0":1,"1":1,"2":1},"f":{},"b":{}}
,"C:\\Users\\KhangTran\\Desktop\\xfs-chat-app-backend\\src\\dto\\auth\\register.dto.ts": {"path":"C:\\Users\\KhangTran\\Desktop\\xfs-chat-app-backend\\src\\dto\\auth\\register.dto.ts","statementMap":{"0":{"start":{"line":1,"column":0},"end":{"line":1,"column":52}},"1":{"start":{"line":2,"column":0},"end":{"line":2,"column":44}},"2":{"start":{"line":5,"column":2},"end":{"line":7,"column":null}},"3":{"start":{"line":9,"column":2},"end":{"line":11,"column":null}},"4":{"start":{"line":13,"column":2},"end":{"line":15,"column":null}},"5":{"start":{"line":4,"column":0},"end":{"line":4,"column":13}}},"fnMap":{},"branchMap":{},"s":{"0":1,"1":1,"2":1,"3":1,"4":1,"5":1},"f":{},"b":{}}
,"C:\\Users\\KhangTran\\Desktop\\xfs-chat-app-backend\\src\\dto\\friend\\friend-request.dto.ts": {"path":"C:\\Users\\KhangTran\\Desktop\\xfs-chat-app-backend\\src\\dto\\friend\\friend-request.dto.ts","statementMap":{"0":{"start":{"line":1,"column":0},"end":{"line":1,"column":53}},"1":{"start":{"line":2,"column":0},"end":{"line":2,"column":44}},"2":{"start":{"line":5,"column":2},"end":{"line":8,"column":null}},"3":{"start":{"line":4,"column":0},"end":{"line":4,"column":13}}},"fnMap":{},"branchMap":{},"s":{"0":1,"1":1,"2":1,"3":1},"f":{},"b":{}}
,"C:\\Users\\KhangTran\\Desktop\\xfs-chat-app-backend\\src\\dto\\friend\\get-friend.dto.ts": {"path":"C:\\Users\\KhangTran\\Desktop\\xfs-chat-app-backend\\src\\dto\\friend\\get-friend.dto.ts","statementMap":{"0":{"start":{"line":1,"column":0},"end":{"line":1,"column":41}},"1":{"start":{"line":2,"column":0},"end":{"line":2,"column":63}},"2":{"start":{"line":3,"column":0},"end":{"line":3,"column":80}},"3":{"start":{"line":6,"column":2},"end":{"line":8,"column":null}},"4":{"start":{"line":10,"column":2},"end":{"line":13,"column":null}},"5":{"start":{"line":12,"column":14},"end":{"line":12,"column":20}},"6":{"start":{"line":15,"column":2},"end":{"line":18,"column":null}},"7":{"start":{"line":17,"column":14},"end":{"line":17,"column":20}},"8":{"start":{"line":5,"column":0},"end":{"line":5,"column":13}}},"fnMap":{"0":{"name":"(anonymous_2)","decl":{"start":{"line":12,"column":8},"end":{"line":12,"column":11}},"loc":{"start":{"line":12,"column":14},"end":{"line":12,"column":20}}},"1":{"name":"(anonymous_3)","decl":{"start":{"line":17,"column":8},"end":{"line":17,"column":11}},"loc":{"start":{"line":17,"column":14},"end":{"line":17,"column":20}}}},"branchMap":{},"s":{"0":1,"1":1,"2":1,"3":1,"4":1,"5":0,"6":1,"7":0,"8":1},"f":{"0":0,"1":0},"b":{}}
,"C:\\Users\\KhangTran\\Desktop\\xfs-chat-app-backend\\src\\dto\\friend\\index.ts": {"path":"C:\\Users\\KhangTran\\Desktop\\xfs-chat-app-backend\\src\\dto\\friend\\index.ts","statementMap":{"0":{"start":{"line":1,"column":0},"end":{"line":1,"column":37}},"1":{"start":{"line":2,"column":0},"end":{"line":2,"column":33}}},"fnMap":{},"branchMap":{},"s":{"0":1,"1":1},"f":{},"b":{}}
,"C:\\Users\\KhangTran\\Desktop\\xfs-chat-app-backend\\src\\dto\\message\\get-message.dto.ts": {"path":"C:\\Users\\KhangTran\\Desktop\\xfs-chat-app-backend\\src\\dto\\message\\get-message.dto.ts","statementMap":{"0":{"start":{"line":1,"column":0},"end":{"line":1,"column":70}},"1":{"start":{"line":2,"column":0},"end":{"line":2,"column":41}},"2":{"start":{"line":3,"column":0},"end":{"line":3,"column":73}},"3":{"start":{"line":6,"column":2},"end":{"line":8,"column":null}},"4":{"start":{"line":10,"column":2},"end":{"line":12,"column":null}},"5":{"start":{"line":14,"column":2},"end":{"line":17,"column":null}},"6":{"start":{"line":16,"column":14},"end":{"line":16,"column":20}},"7":{"start":{"line":19,"column":2},"end":{"line":22,"column":null}},"8":{"start":{"line":21,"column":14},"end":{"line":21,"column":20}},"9":{"start":{"line":5,"column":0},"end":{"line":5,"column":13}}},"fnMap":{"0":{"name":"(anonymous_2)","decl":{"start":{"line":16,"column":8},"end":{"line":16,"column":11}},"loc":{"start":{"line":16,"column":14},"end":{"line":16,"column":20}}},"1":{"name":"(anonymous_3)","decl":{"start":{"line":21,"column":8},"end":{"line":21,"column":11}},"loc":{"start":{"line":21,"column":14},"end":{"line":21,"column":20}}}},"branchMap":{},"s":{"0":1,"1":1,"2":1,"3":1,"4":1,"5":1,"6":0,"7":1,"8":0,"9":1},"f":{"0":0,"1":0},"b":{}}
,"C:\\Users\\KhangTran\\Desktop\\xfs-chat-app-backend\\src\\dto\\message\\send-message.dto.ts": {"path":"C:\\Users\\KhangTran\\Desktop\\xfs-chat-app-backend\\src\\dto\\message\\send-message.dto.ts","statementMap":{"0":{"start":{"line":1,"column":0},"end":{"line":1,"column":55}},"1":{"start":{"line":2,"column":0},"end":{"line":2,"column":44}},"2":{"start":{"line":5,"column":2},"end":{"line":7,"column":null}},"3":{"start":{"line":9,"column":2},"end":{"line":11,"column":null}},"4":{"start":{"line":13,"column":2},"end":{"line":15,"column":null}},"5":{"start":{"line":17,"column":2},"end":{"line":19,"column":null}},"6":{"start":{"line":4,"column":0},"end":{"line":4,"column":13}}},"fnMap":{},"branchMap":{},"s":{"0":1,"1":1,"2":1,"3":1,"4":1,"5":1,"6":1},"f":{},"b":{}}
,"C:\\Users\\KhangTran\\Desktop\\xfs-chat-app-backend\\src\\dto\\user\\create-user.dto.ts": {"path":"C:\\Users\\KhangTran\\Desktop\\xfs-chat-app-backend\\src\\dto\\user\\create-user.dto.ts","statementMap":{"0":{"start":{"line":1,"column":0},"end":{"line":1,"column":52}},"1":{"start":{"line":2,"column":0},"end":{"line":2,"column":44}},"2":{"start":{"line":5,"column":2},"end":{"line":7,"column":null}},"3":{"start":{"line":9,"column":2},"end":{"line":11,"column":null}},"4":{"start":{"line":13,"column":2},"end":{"line":15,"column":null}},"5":{"start":{"line":4,"column":0},"end":{"line":4,"column":13}}},"fnMap":{},"branchMap":{},"s":{"0":1,"1":1,"2":1,"3":1,"4":1,"5":1},"f":{},"b":{}}
,"C:\\Users\\KhangTran\\Desktop\\xfs-chat-app-backend\\src\\dto\\user\\get-user.dto.ts": {"path":"C:\\Users\\KhangTran\\Desktop\\xfs-chat-app-backend\\src\\dto\\user\\get-user.dto.ts","statementMap":{"0":{"start":{"line":1,"column":0},"end":{"line":1,"column":41}},"1":{"start":{"line":2,"column":0},"end":{"line":2,"column":73}},"2":{"start":{"line":3,"column":0},"end":{"line":3,"column":60}},"3":{"start":{"line":6,"column":2},"end":{"line":8,"column":null}},"4":{"start":{"line":10,"column":2},"end":{"line":12,"column":null}},"5":{"start":{"line":14,"column":2},"end":{"line":17,"column":null}},"6":{"start":{"line":16,"column":14},"end":{"line":16,"column":20}},"7":{"start":{"line":19,"column":2},"end":{"line":22,"column":null}},"8":{"start":{"line":21,"column":14},"end":{"line":21,"column":20}},"9":{"start":{"line":5,"column":0},"end":{"line":5,"column":13}}},"fnMap":{"0":{"name":"(anonymous_2)","decl":{"start":{"line":16,"column":8},"end":{"line":16,"column":11}},"loc":{"start":{"line":16,"column":14},"end":{"line":16,"column":20}}},"1":{"name":"(anonymous_3)","decl":{"start":{"line":21,"column":8},"end":{"line":21,"column":11}},"loc":{"start":{"line":21,"column":14},"end":{"line":21,"column":20}}}},"branchMap":{},"s":{"0":1,"1":1,"2":1,"3":1,"4":1,"5":1,"6":0,"7":1,"8":0,"9":1},"f":{"0":0,"1":0},"b":{}}
,"C:\\Users\\KhangTran\\Desktop\\xfs-chat-app-backend\\src\\dto\\user\\index.ts": {"path":"C:\\Users\\KhangTran\\Desktop\\xfs-chat-app-backend\\src\\dto\\user\\index.ts","statementMap":{"0":{"start":{"line":1,"column":0},"end":{"line":1,"column":34}},"1":{"start":{"line":2,"column":0},"end":{"line":2,"column":34}},"2":{"start":{"line":3,"column":0},"end":{"line":3,"column":31}},"3":{"start":{"line":4,"column":0},"end":{"line":4,"column":43}}},"fnMap":{},"branchMap":{},"s":{"0":1,"1":1,"2":1,"3":1},"f":{},"b":{}}
,"C:\\Users\\KhangTran\\Desktop\\xfs-chat-app-backend\\src\\dto\\user\\update-password-user.dto.ts": {"path":"C:\\Users\\KhangTran\\Desktop\\xfs-chat-app-backend\\src\\dto\\user\\update-password-user.dto.ts","statementMap":{"0":{"start":{"line":1,"column":0},"end":{"line":1,"column":43}},"1":{"start":{"line":4,"column":2},"end":{"line":5,"column":null}},"2":{"start":{"line":3,"column":0},"end":{"line":3,"column":13}}},"fnMap":{},"branchMap":{},"s":{"0":1,"1":1,"2":1},"f":{},"b":{}}
,"C:\\Users\\KhangTran\\Desktop\\xfs-chat-app-backend\\src\\dto\\user\\update-user.dto.ts": {"path":"C:\\Users\\KhangTran\\Desktop\\xfs-chat-app-backend\\src\\dto\\user\\update-user.dto.ts","statementMap":{"0":{"start":{"line":1,"column":0},"end":{"line":1,"column":64}},"1":{"start":{"line":4,"column":2},"end":{"line":6,"column":null}},"2":{"start":{"line":8,"column":2},"end":{"line":10,"column":null}},"3":{"start":{"line":12,"column":2},"end":{"line":14,"column":null}},"4":{"start":{"line":16,"column":2},"end":{"line":18,"column":null}},"5":{"start":{"line":20,"column":2},"end":{"line":22,"column":null}},"6":{"start":{"line":24,"column":2},"end":{"line":27,"column":null}},"7":{"start":{"line":29,"column":2},"end":{"line":31,"column":null}},"8":{"start":{"line":3,"column":0},"end":{"line":3,"column":13}}},"fnMap":{},"branchMap":{},"s":{"0":1,"1":1,"2":1,"3":1,"4":1,"5":1,"6":1,"7":1,"8":1},"f":{},"b":{}}
,"C:\\Users\\KhangTran\\Desktop\\xfs-chat-app-backend\\src\\entities\\conversation.entity.ts": {"path":"C:\\Users\\KhangTran\\Desktop\\xfs-chat-app-backend\\src\\entities\\conversation.entity.ts","statementMap":{"0":{"start":{"line":2,"column":0},"end":{"line":2,"column":39}},"1":{"start":{"line":3,"column":0},"end":{"line":3,"column":52}},"2":{"start":{"line":4,"column":0},"end":{"line":4,"column":43}},"3":{"start":{"line":7,"column":7},"end":{"line":16,"column":null}},"4":{"start":{"line":8,"column":2},"end":{"line":9,"column":null}},"5":{"start":{"line":11,"column":2},"end":{"line":12,"column":null}},"6":{"start":{"line":11,"column":19},"end":{"line":11,"column":26}},"7":{"start":{"line":11,"column":42},"end":{"line":11,"column":63}},"8":{"start":{"line":7,"column":13},"end":{"line":16,"column":null}},"9":{"start":{"line":7,"column":13},"end":{"line":7,"column":25}}},"fnMap":{"0":{"name":"(anonymous_2)","decl":{"start":{"line":11,"column":13},"end":{"line":11,"column":16}},"loc":{"start":{"line":11,"column":19},"end":{"line":11,"column":26}}},"1":{"name":"(anonymous_3)","decl":{"start":{"line":11,"column":28},"end":{"line":11,"column":29}},"loc":{"start":{"line":11,"column":42},"end":{"line":11,"column":63}}}},"branchMap":{},"s":{"0":1,"1":1,"2":1,"3":1,"4":1,"5":1,"6":1,"7":1,"8":1,"9":1},"f":{"0":1,"1":1},"b":{}}
,"C:\\Users\\KhangTran\\Desktop\\xfs-chat-app-backend\\src\\entities\\message.entity.ts": {"path":"C:\\Users\\KhangTran\\Desktop\\xfs-chat-app-backend\\src\\entities\\message.entity.ts","statementMap":{"0":{"start":{"line":1,"column":0},"end":{"line":1,"column":48}},"1":{"start":{"line":2,"column":0},"end":{"line":2,"column":53}},"2":{"start":{"line":3,"column":0},"end":{"line":3,"column":39}},"3":{"start":{"line":4,"column":0},"end":{"line":4,"column":52}},"4":{"start":{"line":7,"column":7},"end":{"line":19,"column":null}},"5":{"start":{"line":8,"column":2},"end":{"line":9,"column":null}},"6":{"start":{"line":11,"column":2},"end":{"line":12,"column":null}},"7":{"start":{"line":14,"column":2},"end":{"line":15,"column":null}},"8":{"start":{"line":14,"column":19},"end":{"line":14,"column":31}},"9":{"start":{"line":14,"column":52},"end":{"line":14,"column":74}},"10":{"start":{"line":17,"column":2},"end":{"line":18,"column":null}},"11":{"start":{"line":17,"column":19},"end":{"line":17,"column":23}},"12":{"start":{"line":17,"column":36},"end":{"line":17,"column":50}},"13":{"start":{"line":7,"column":13},"end":{"line":19,"column":null}},"14":{"start":{"line":7,"column":13},"end":{"line":7,"column":20}}},"fnMap":{"0":{"name":"(anonymous_2)","decl":{"start":{"line":14,"column":13},"end":{"line":14,"column":16}},"loc":{"start":{"line":14,"column":19},"end":{"line":14,"column":31}}},"1":{"name":"(anonymous_3)","decl":{"start":{"line":14,"column":33},"end":{"line":14,"column":34}},"loc":{"start":{"line":14,"column":52},"end":{"line":14,"column":74}}},"2":{"name":"(anonymous_4)","decl":{"start":{"line":17,"column":13},"end":{"line":17,"column":16}},"loc":{"start":{"line":17,"column":19},"end":{"line":17,"column":23}}},"3":{"name":"(anonymous_5)","decl":{"start":{"line":17,"column":25},"end":{"line":17,"column":26}},"loc":{"start":{"line":17,"column":36},"end":{"line":17,"column":50}}}},"branchMap":{},"s":{"0":1,"1":1,"2":1,"3":1,"4":1,"5":1,"6":1,"7":1,"8":1,"9":1,"10":1,"11":1,"12":1,"13":1,"14":1},"f":{"0":1,"1":1,"2":1,"3":1},"b":{}}
,"C:\\Users\\KhangTran\\Desktop\\xfs-chat-app-backend\\src\\entities\\user-friend.entity.ts": {"path":"C:\\Users\\KhangTran\\Desktop\\xfs-chat-app-backend\\src\\entities\\user-friend.entity.ts","statementMap":{"0":{"start":{"line":1,"column":0},"end":{"line":1,"column":80}},"1":{"start":{"line":2,"column":0},"end":{"line":2,"column":40}},"2":{"start":{"line":3,"column":0},"end":{"line":3,"column":52}},"3":{"start":{"line":4,"column":0},"end":{"line":4,"column":37}},"4":{"start":{"line":7,"column":7},"end":{"line":19,"column":null}},"5":{"start":{"line":8,"column":2},"end":{"line":12,"column":null}},"6":{"start":{"line":14,"column":2},"end":{"line":15,"column":null}},"7":{"start":{"line":14,"column":19},"end":{"line":14,"column":23}},"8":{"start":{"line":17,"column":2},"end":{"line":18,"column":null}},"9":{"start":{"line":17,"column":19},"end":{"line":17,"column":23}},"10":{"start":{"line":17,"column":36},"end":{"line":17,"column":49}},"11":{"start":{"line":7,"column":13},"end":{"line":19,"column":null}},"12":{"start":{"line":7,"column":13},"end":{"line":7,"column":23}}},"fnMap":{"0":{"name":"(anonymous_2)","decl":{"start":{"line":14,"column":13},"end":{"line":14,"column":16}},"loc":{"start":{"line":14,"column":19},"end":{"line":14,"column":23}}},"1":{"name":"(anonymous_3)","decl":{"start":{"line":17,"column":13},"end":{"line":17,"column":16}},"loc":{"start":{"line":17,"column":19},"end":{"line":17,"column":23}}},"2":{"name":"(anonymous_4)","decl":{"start":{"line":17,"column":25},"end":{"line":17,"column":26}},"loc":{"start":{"line":17,"column":36},"end":{"line":17,"column":49}}}},"branchMap":{},"s":{"0":1,"1":1,"2":1,"3":1,"4":1,"5":1,"6":1,"7":1,"8":1,"9":1,"10":1,"11":1,"12":1},"f":{"0":1,"1":1,"2":1},"b":{}}
,"C:\\Users\\KhangTran\\Desktop\\xfs-chat-app-backend\\src\\entities\\user.entity.ts": {"path":"C:\\Users\\KhangTran\\Desktop\\xfs-chat-app-backend\\src\\entities\\user.entity.ts","statementMap":{"0":{"start":{"line":1,"column":0},"end":{"line":1,"column":58}},"1":{"start":{"line":2,"column":0},"end":{"line":2,"column":52}},"2":{"start":{"line":3,"column":0},"end":{"line":3,"column":40}},"3":{"start":{"line":4,"column":0},"end":{"line":4,"column":60}},"4":{"start":{"line":5,"column":0},"end":{"line":5,"column":43}},"5":{"start":{"line":6,"column":0},"end":{"line":6,"column":50}},"6":{"start":{"line":9,"column":7},"end":{"line":45,"column":null}},"7":{"start":{"line":10,"column":2},"end":{"line":11,"column":null}},"8":{"start":{"line":13,"column":2},"end":{"line":14,"column":null}},"9":{"start":{"line":16,"column":2},"end":{"line":17,"column":null}},"10":{"start":{"line":19,"column":2},"end":{"line":20,"column":null}},"11":{"start":{"line":22,"column":2},"end":{"line":23,"column":null}},"12":{"start":{"line":25,"column":2},"end":{"line":26,"column":null}},"13":{"start":{"line":28,"column":2},"end":{"line":29,"column":null}},"14":{"start":{"line":31,"column":2},"end":{"line":32,"column":null}},"15":{"start":{"line":34,"column":2},"end":{"line":35,"column":null}},"16":{"start":{"line":37,"column":2},"end":{"line":38,"column":null}},"17":{"start":{"line":40,"column":2},"end":{"line":41,"column":null}},"18":{"start":{"line":40,"column":19},"end":{"line":40,"column":26}},"19":{"start":{"line":40,"column":42},"end":{"line":40,"column":56}},"20":{"start":{"line":43,"column":2},"end":{"line":44,"column":null}},"21":{"start":{"line":43,"column":19},"end":{"line":43,"column":29}},"22":{"start":{"line":43,"column":48},"end":{"line":43,"column":65}},"23":{"start":{"line":9,"column":13},"end":{"line":45,"column":null}},"24":{"start":{"line":9,"column":13},"end":{"line":9,"column":17}}},"fnMap":{"0":{"name":"(anonymous_2)","decl":{"start":{"line":40,"column":13},"end":{"line":40,"column":16}},"loc":{"start":{"line":40,"column":19},"end":{"line":40,"column":26}}},"1":{"name":"(anonymous_3)","decl":{"start":{"line":40,"column":28},"end":{"line":40,"column":29}},"loc":{"start":{"line":40,"column":42},"end":{"line":40,"column":56}}},"2":{"name":"(anonymous_4)","decl":{"start":{"line":43,"column":13},"end":{"line":43,"column":16}},"loc":{"start":{"line":43,"column":19},"end":{"line":43,"column":29}}},"3":{"name":"(anonymous_5)","decl":{"start":{"line":43,"column":31},"end":{"line":43,"column":32}},"loc":{"start":{"line":43,"column":48},"end":{"line":43,"column":65}}}},"branchMap":{},"s":{"0":1,"1":1,"2":1,"3":1,"4":1,"5":1,"6":1,"7":1,"8":1,"9":1,"10":1,"11":1,"12":1,"13":1,"14":1,"15":1,"16":1,"17":1,"18":1,"19":1,"20":1,"21":1,"22":1,"23":1,"24":1},"f":{"0":1,"1":1,"2":1,"3":1},"b":{}}
,"C:\\Users\\KhangTran\\Desktop\\xfs-chat-app-backend\\src\\exceptions\\exists.exception.ts": {"path":"C:\\Users\\KhangTran\\Desktop\\xfs-chat-app-backend\\src\\exceptions\\exists.exception.ts","statementMap":{"0":{"start":{"line":1,"column":0},"end":{"line":1,"column":48}},"1":{"start":{"line":2,"column":0},"end":{"line":2,"column":58}},"2":{"start":{"line":6,"column":4},"end":{"line":6,"column":58}},"3":{"start":{"line":4,"column":0},"end":{"line":4,"column":13}}},"fnMap":{"0":{"name":"(anonymous_0)","decl":{"start":{"line":5,"column":2},"end":{"line":5,"column":14}},"loc":{"start":{"line":5,"column":28},"end":{"line":7,"column":3}}}},"branchMap":{},"s":{"0":1,"1":1,"2":3,"3":1},"f":{"0":3},"b":{}}
,"C:\\Users\\KhangTran\\Desktop\\xfs-chat-app-backend\\src\\exceptions\\index.ts": {"path":"C:\\Users\\KhangTran\\Desktop\\xfs-chat-app-backend\\src\\exceptions\\index.ts","statementMap":{"0":{"start":{"line":1,"column":0},"end":{"line":1,"column":35}},"1":{"start":{"line":2,"column":0},"end":{"line":2,"column":38}},"2":{"start":{"line":3,"column":0},"end":{"line":3,"column":41}}},"fnMap":{},"branchMap":{},"s":{"0":1,"1":1,"2":1},"f":{},"b":{}}
,"C:\\Users\\KhangTran\\Desktop\\xfs-chat-app-backend\\src\\exceptions\\not-found.exception.ts": {"path":"C:\\Users\\KhangTran\\Desktop\\xfs-chat-app-backend\\src\\exceptions\\not-found.exception.ts","statementMap":{"0":{"start":{"line":1,"column":0},"end":{"line":1,"column":48}},"1":{"start":{"line":2,"column":0},"end":{"line":2,"column":58}},"2":{"start":{"line":6,"column":4},"end":{"line":6,"column":58}},"3":{"start":{"line":4,"column":0},"end":{"line":4,"column":13}},"4":{"start":{"line":11,"column":4},"end":{"line":11,"column":58}},"5":{"start":{"line":9,"column":0},"end":{"line":9,"column":13}}},"fnMap":{"0":{"name":"(anonymous_0)","decl":{"start":{"line":5,"column":2},"end":{"line":5,"column":14}},"loc":{"start":{"line":5,"column":28},"end":{"line":7,"column":3}}},"1":{"name":"(anonymous_1)","decl":{"start":{"line":10,"column":2},"end":{"line":10,"column":14}},"loc":{"start":{"line":10,"column":28},"end":{"line":12,"column":3}}}},"branchMap":{},"s":{"0":1,"1":1,"2":0,"3":1,"4":0,"5":1},"f":{"0":0,"1":0},"b":{}}
,"C:\\Users\\KhangTran\\Desktop\\xfs-chat-app-backend\\src\\exceptions\\unauthorized.exception.ts": {"path":"C:\\Users\\KhangTran\\Desktop\\xfs-chat-app-backend\\src\\exceptions\\unauthorized.exception.ts","statementMap":{"0":{"start":{"line":1,"column":0},"end":{"line":1,"column":48}},"1":{"start":{"line":2,"column":0},"end":{"line":2,"column":58}},"2":{"start":{"line":6,"column":4},"end":{"line":6,"column":52}},"3":{"start":{"line":4,"column":0},"end":{"line":4,"column":13}},"4":{"start":{"line":11,"column":4},"end":{"line":11,"column":50}},"5":{"start":{"line":9,"column":0},"end":{"line":9,"column":13}}},"fnMap":{"0":{"name":"(anonymous_0)","decl":{"start":{"line":5,"column":2},"end":{"line":5,"column":null}},"loc":{"start":{"line":5,"column":2},"end":{"line":7,"column":3}}},"1":{"name":"(anonymous_1)","decl":{"start":{"line":10,"column":2},"end":{"line":10,"column":null}},"loc":{"start":{"line":10,"column":2},"end":{"line":12,"column":3}}}},"branchMap":{},"s":{"0":1,"1":1,"2":11,"3":1,"4":0,"5":1},"f":{"0":11,"1":0},"b":{}}
,"C:\\Users\\KhangTran\\Desktop\\xfs-chat-app-backend\\src\\interfaces\\message.interface.ts": {"path":"C:\\Users\\KhangTran\\Desktop\\xfs-chat-app-backend\\src\\interfaces\\message.interface.ts","statementMap":{"0":{"start":{"line":4,"column":0},"end":{"line":4,"column":null}},"1":{"start":{"line":5,"column":2},"end":{"line":5,"column":null}},"2":{"start":{"line":6,"column":2},"end":{"line":6,"column":null}},"3":{"start":{"line":7,"column":2},"end":{"line":7,"column":null}}},"fnMap":{"0":{"name":"(anonymous_0)","decl":{"start":{"line":4,"column":0},"end":{"line":4,"column":12}},"loc":{"start":{"line":4,"column":26},"end":{"line":8,"column":1}}}},"branchMap":{"0":{"loc":{"start":{"line":4,"column":12},"end":{"line":4,"column":null}},"type":"binary-expr","locations":[{"start":{"line":4,"column":12},"end":{"line":4,"column":26}},{"start":{"line":4,"column":12},"end":{"line":4,"column":null}}]}},"s":{"0":1,"1":1,"2":1,"3":1},"f":{"0":1},"b":{"0":[1,1]}}
,"C:\\Users\\KhangTran\\Desktop\\xfs-chat-app-backend\\src\\interfaces\\user-friend.interface.ts": {"path":"C:\\Users\\KhangTran\\Desktop\\xfs-chat-app-backend\\src\\interfaces\\user-friend.interface.ts","statementMap":{"0":{"start":{"line":4,"column":0},"end":{"line":4,"column":null}},"1":{"start":{"line":5,"column":2},"end":{"line":5,"column":null}},"2":{"start":{"line":6,"column":2},"end":{"line":6,"column":null}},"3":{"start":{"line":7,"column":2},"end":{"line":7,"column":null}}},"fnMap":{"0":{"name":"(anonymous_0)","decl":{"start":{"line":4,"column":0},"end":{"line":4,"column":12}},"loc":{"start":{"line":4,"column":36},"end":{"line":8,"column":1}}}},"branchMap":{"0":{"loc":{"start":{"line":4,"column":12},"end":{"line":4,"column":null}},"type":"binary-expr","locations":[{"start":{"line":4,"column":12},"end":{"line":4,"column":36}},{"start":{"line":4,"column":12},"end":{"line":4,"column":null}}]}},"s":{"0":1,"1":1,"2":1,"3":1},"f":{"0":1},"b":{"0":[1,1]}}
,"C:\\Users\\KhangTran\\Desktop\\xfs-chat-app-backend\\src\\interfaces\\user.interface.ts": {"path":"C:\\Users\\KhangTran\\Desktop\\xfs-chat-app-backend\\src\\interfaces\\user.interface.ts","statementMap":{"0":{"start":{"line":4,"column":0},"end":{"line":4,"column":null}},"1":{"start":{"line":5,"column":2},"end":{"line":5,"column":null}},"2":{"start":{"line":6,"column":2},"end":{"line":6,"column":null}},"3":{"start":{"line":7,"column":2},"end":{"line":7,"column":null}},"4":{"start":{"line":10,"column":0},"end":{"line":10,"column":null}},"5":{"start":{"line":11,"column":2},"end":{"line":11,"column":null}},"6":{"start":{"line":12,"column":2},"end":{"line":12,"column":null}},"7":{"start":{"line":13,"column":2},"end":{"line":13,"column":null}},"8":{"start":{"line":14,"column":2},"end":{"line":14,"column":null}}},"fnMap":{"0":{"name":"(anonymous_0)","decl":{"start":{"line":4,"column":0},"end":{"line":4,"column":12}},"loc":{"start":{"line":4,"column":23},"end":{"line":8,"column":1}}},"1":{"name":"(anonymous_1)","decl":{"start":{"line":10,"column":0},"end":{"line":10,"column":12}},"loc":{"start":{"line":10,"column":21},"end":{"line":15,"column":1}}}},"branchMap":{"0":{"loc":{"start":{"line":4,"column":12},"end":{"line":4,"column":null}},"type":"binary-expr","locations":[{"start":{"line":4,"column":12},"end":{"line":4,"column":23}},{"start":{"line":4,"column":12},"end":{"line":4,"column":null}}]},"1":{"loc":{"start":{"line":10,"column":12},"end":{"line":10,"column":null}},"type":"binary-expr","locations":[{"start":{"line":10,"column":12},"end":{"line":10,"column":21}},{"start":{"line":10,"column":12},"end":{"line":10,"column":null}}]}},"s":{"0":1,"1":1,"2":1,"3":1,"4":1,"5":1,"6":1,"7":1,"8":1},"f":{"0":1,"1":1},"b":{"0":[1,1],"1":[1,1]}}
,"C:\\Users\\KhangTran\\Desktop\\xfs-chat-app-backend\\src\\middlewares\\check-roles.middleware.ts": {"path":"C:\\Users\\KhangTran\\Desktop\\xfs-chat-app-backend\\src\\middlewares\\check-roles.middleware.ts","statementMap":{"0":{"start":{"line":3,"column":0},"end":{"line":3,"column":31}},"1":{"start":{"line":4,"column":0},"end":{"line":4,"column":79}},"2":{"start":{"line":5,"column":0},"end":{"line":5,"column":32}},"3":{"start":{"line":6,"column":0},"end":{"line":6,"column":51}},"4":{"start":{"line":7,"column":0},"end":{"line":7,"column":58}},"5":{"start":{"line":9,"column":0},"end":{"line":9,"column":9}},"6":{"start":{"line":11,"column":27},"end":{"line":23,"column":1}},"7":{"start":{"line":12,"column":24},"end":{"line":12,"column":52}},"8":{"start":{"line":14,"column":2},"end":{"line":16,"column":null}},"9":{"start":{"line":15,"column":4},"end":{"line":15,"column":38}},"10":{"start":{"line":17,"column":14},"end":{"line":17,"column":33}},"11":{"start":{"line":18,"column":2},"end":{"line":22,"column":null}},"12":{"start":{"line":19,"column":4},"end":{"line":19,"column":78}},"13":{"start":{"line":21,"column":4},"end":{"line":21,"column":38}},"14":{"start":{"line":11,"column":13},"end":{"line":11,"column":27}},"15":{"start":{"line":30,"column":2},"end":{"line":43,"column":null}},"16":{"start":{"line":31,"column":20},"end":{"line":31,"column":36}},"17":{"start":{"line":32,"column":17},"end":{"line":32,"column":60}},"18":{"start":{"line":33,"column":4},"end":{"line":35,"column":null}},"19":{"start":{"line":34,"column":6},"end":{"line":34,"column":40}},"20":{"start":{"line":36,"column":4},"end":{"line":38,"column":null}},"21":{"start":{"line":37,"column":6},"end":{"line":37,"column":41}},"22":{"start":{"line":40,"column":4},"end":{"line":40,"column":18}},"23":{"start":{"line":42,"column":4},"end":{"line":42,"column":23}},"24":{"start":{"line":25,"column":0},"end":{"line":25,"column":30}}},"fnMap":{"0":{"name":"(anonymous_8)","decl":{"start":{"line":11,"column":27},"end":{"line":11,"column":28}},"loc":{"start":{"line":11,"column":44},"end":{"line":23,"column":1}}},"1":{"name":"roleMiddleware","decl":{"start":{"line":25,"column":30},"end":{"line":25,"column":44}},"loc":{"start":{"line":28,"column":20},"end":{"line":44,"column":null}}}},"branchMap":{"0":{"loc":{"start":{"line":14,"column":2},"end":{"line":16,"column":null}},"type":"if","locations":[{"start":{"line":14,"column":2},"end":{"line":16,"column":null}}]},"1":{"loc":{"start":{"line":19,"column":44},"end":{"line":19,"column":76}},"type":"binary-expr","locations":[{"start":{"line":19,"column":44},"end":{"line":19,"column":62}},{"start":{"line":19,"column":66},"end":{"line":19,"column":76}}]},"2":{"loc":{"start":{"line":33,"column":4},"end":{"line":35,"column":null}},"type":"if","locations":[{"start":{"line":33,"column":4},"end":{"line":35,"column":null}}]},"3":{"loc":{"start":{"line":36,"column":4},"end":{"line":38,"column":null}},"type":"if","locations":[{"start":{"line":36,"column":4},"end":{"line":38,"column":null}}]}},"s":{"0":1,"1":1,"2":1,"3":1,"4":1,"5":1,"6":1,"7":0,"8":0,"9":0,"10":0,"11":0,"12":0,"13":0,"14":1,"15":0,"16":0,"17":0,"18":0,"19":0,"20":0,"21":0,"22":0,"23":0,"24":1},"f":{"0":0,"1":0},"b":{"0":[0],"1":[0,0],"2":[0],"3":[0]}}
,"C:\\Users\\KhangTran\\Desktop\\xfs-chat-app-backend\\src\\middlewares\\passport.ts": {"path":"C:\\Users\\KhangTran\\Desktop\\xfs-chat-app-backend\\src\\middlewares\\passport.ts","statementMap":{"0":{"start":{"line":1,"column":0},"end":{"line":1,"column":69}},"1":{"start":{"line":2,"column":0},"end":{"line":2,"column":55}},"2":{"start":{"line":3,"column":0},"end":{"line":3,"column":51}},"3":{"start":{"line":5,"column":30},"end":{"line":8,"column":2}},"4":{"start":{"line":10,"column":0},"end":{"line":22,"column":3}},"5":{"start":{"line":10,"column":58},"end":{"line":22,"column":2}},"6":{"start":{"line":11,"column":2},"end":{"line":21,"column":null}},"7":{"start":{"line":12,"column":17},"end":{"line":12,"column":60}},"8":{"start":{"line":14,"column":4},"end":{"line":16,"column":null}},"9":{"start":{"line":15,"column":6},"end":{"line":15,"column":30}},"10":{"start":{"line":18,"column":4},"end":{"line":18,"column":52}},"11":{"start":{"line":20,"column":4},"end":{"line":20,"column":30}}},"fnMap":{"0":{"name":"(anonymous_7)","decl":{"start":{"line":10,"column":34},"end":{"line":10,"column":41}},"loc":{"start":{"line":10,"column":58},"end":{"line":22,"column":2}}},"1":{"name":"(anonymous_8)","decl":{"start":{"line":10,"column":58},"end":{"line":10,"column":null}},"loc":{"start":{"line":10,"column":58},"end":{"line":22,"column":1}}}},"branchMap":{"0":{"loc":{"start":{"line":7,"column":15},"end":{"line":7,"column":47}},"type":"binary-expr","locations":[{"start":{"line":7,"column":15},"end":{"line":7,"column":33}},{"start":{"line":7,"column":37},"end":{"line":7,"column":47}}]},"1":{"loc":{"start":{"line":14,"column":4},"end":{"line":16,"column":null}},"type":"if","locations":[{"start":{"line":14,"column":4},"end":{"line":16,"column":null}}]}},"s":{"0":1,"1":1,"2":1,"3":1,"4":1,"5":8,"6":8,"7":8,"8":8,"9":8,"10":0,"11":0},"f":{"0":8,"1":8},"b":{"0":[1,1],"1":[8]}}
,"C:\\Users\\KhangTran\\Desktop\\xfs-chat-app-backend\\src\\middlewares\\require-auth.middleware.ts": {"path":"C:\\Users\\KhangTran\\Desktop\\xfs-chat-app-backend\\src\\middlewares\\require-auth.middleware.ts","statementMap":{"0":{"start":{"line":2,"column":0},"end":{"line":2,"column":32}},"1":{"start":{"line":3,"column":0},"end":{"line":3,"column":55}},"2":{"start":{"line":10,"column":2},"end":{"line":18,"column":21}},"3":{"start":{"line":11,"column":4},"end":{"line":11,"column":30}},"4":{"start":{"line":11,"column":13},"end":{"line":11,"column":30}},"5":{"start":{"line":12,"column":4},"end":{"line":14,"column":null}},"6":{"start":{"line":13,"column":6},"end":{"line":13,"column":40}},"7":{"start":{"line":16,"column":4},"end":{"line":16,"column":20}},"8":{"start":{"line":17,"column":4},"end":{"line":17,"column":11}},"9":{"start":{"line":5,"column":0},"end":{"line":5,"column":24}}},"fnMap":{"0":{"name":"requireAuthMiddleware","decl":{"start":{"line":5,"column":24},"end":{"line":5,"column":45}},"loc":{"start":{"line":8,"column":20},"end":{"line":19,"column":1}}},"1":{"name":"(anonymous_2)","decl":{"start":{"line":10,"column":58},"end":{"line":10,"column":59}},"loc":{"start":{"line":10,"column":72},"end":{"line":18,"column":3}}}},"branchMap":{"0":{"loc":{"start":{"line":11,"column":4},"end":{"line":11,"column":30}},"type":"if","locations":[{"start":{"line":11,"column":4},"end":{"line":11,"column":30}}]},"1":{"loc":{"start":{"line":12,"column":4},"end":{"line":14,"column":null}},"type":"if","locations":[{"start":{"line":12,"column":4},"end":{"line":14,"column":null}}]}},"s":{"0":1,"1":1,"2":13,"3":13,"4":0,"5":13,"6":5,"7":13,"8":13,"9":1},"f":{"0":13,"1":13},"b":{"0":[0],"1":[5]}}
,"C:\\Users\\KhangTran\\Desktop\\xfs-chat-app-backend\\src\\middlewares\\validation.middleware.ts": {"path":"C:\\Users\\KhangTran\\Desktop\\xfs-chat-app-backend\\src\\middlewares\\validation.middleware.ts","statementMap":{"0":{"start":{"line":2,"column":0},"end":{"line":2,"column":60}},"1":{"start":{"line":3,"column":0},"end":{"line":3,"column":58}},"2":{"start":{"line":4,"column":0},"end":{"line":4,"column":48}},"3":{"start":{"line":14,"column":19},"end":{"line":31,"column":1}},"4":{"start":{"line":15,"column":2},"end":{"line":28,"column":5}},"5":{"start":{"line":16,"column":4},"end":{"line":18,"column":null}},"6":{"start":{"line":17,"column":6},"end":{"line":17,"column":38}},"7":{"start":{"line":20,"column":17},"end":{"line":20,"column":28}},"8":{"start":{"line":21,"column":4},"end":{"line":27,"column":7}},"9":{"start":{"line":22,"column":6},"end":{"line":26,"column":9}},"10":{"start":{"line":30,"column":2},"end":{"line":30,"column":16}},"11":{"start":{"line":33,"column":29},"end":{"line":53,"column":1}},"12":{"start":{"line":34,"column":2},"end":{"line":52,"column":4}},"13":{"start":{"line":34,"column":67},"end":{"line":52,"column":4}},"14":{"start":{"line":35,"column":4},"end":{"line":51,"column":null}},"15":{"start":{"line":36,"column":19},"end":{"line":36,"column":53}},"16":{"start":{"line":37,"column":21},"end":{"line":37,"column":62}},"17":{"start":{"line":38,"column":41},"end":{"line":38,"column":43}},"18":{"start":{"line":40,"column":6},"end":{"line":46,"column":null}},"19":{"start":{"line":41,"column":8},"end":{"line":45,"column":10}},"20":{"start":{"line":48,"column":6},"end":{"line":48,"column":13}},"21":{"start":{"line":50,"column":6},"end":{"line":50,"column":18}},"22":{"start":{"line":55,"column":0},"end":{"line":55,"column":36}}},"fnMap":{"0":{"name":"(anonymous_7)","decl":{"start":{"line":14,"column":19},"end":{"line":14,"column":20}},"loc":{"start":{"line":14,"column":77},"end":{"line":31,"column":1}}},"1":{"name":"(anonymous_8)","decl":{"start":{"line":15,"column":17},"end":{"line":15,"column":18}},"loc":{"start":{"line":15,"column":24},"end":{"line":28,"column":3}}},"2":{"name":"(anonymous_9)","decl":{"start":{"line":21,"column":49},"end":{"line":21,"column":50}},"loc":{"start":{"line":21,"column":64},"end":{"line":27,"column":5}}},"3":{"name":"(anonymous_10)","decl":{"start":{"line":33,"column":29},"end":{"line":33,"column":30}},"loc":{"start":{"line":33,"column":44},"end":{"line":53,"column":1}}},"4":{"name":"(anonymous_11)","decl":{"start":{"line":34,"column":9},"end":{"line":34,"column":16}},"loc":{"start":{"line":34,"column":67},"end":{"line":52,"column":4}}},"5":{"name":"(anonymous_12)","decl":{"start":{"line":34,"column":67},"end":{"line":34,"column":null}},"loc":{"start":{"line":34,"column":67},"end":{"line":52,"column":3}}}},"branchMap":{"0":{"loc":{"start":{"line":16,"column":4},"end":{"line":18,"column":null}},"type":"if","locations":[{"start":{"line":16,"column":4},"end":{"line":18,"column":null}}]},"1":{"loc":{"start":{"line":21,"column":19},"end":{"line":21,"column":39}},"type":"binary-expr","locations":[{"start":{"line":21,"column":19},"end":{"line":21,"column":33}},{"start":{"line":21,"column":37},"end":{"line":21,"column":39}}]},"2":{"loc":{"start":{"line":40,"column":6},"end":{"line":46,"column":null}},"type":"if","locations":[{"start":{"line":40,"column":6},"end":{"line":46,"column":null}}]}},"s":{"0":1,"1":1,"2":1,"3":1,"4":14,"5":8,"6":8,"7":8,"8":8,"9":14,"10":14,"11":1,"12":12,"13":29,"14":29,"15":29,"16":29,"17":29,"18":29,"19":6,"20":23,"21":6,"22":1},"f":{"0":14,"1":8,"2":14,"3":12,"4":29,"5":29},"b":{"0":[8],"1":[8,0],"2":[6]}}
,"C:\\Users\\KhangTran\\Desktop\\xfs-chat-app-backend\\src\\routes\\auth.route.ts": {"path":"C:\\Users\\KhangTran\\Desktop\\xfs-chat-app-backend\\src\\routes\\auth.route.ts","statementMap":{"0":{"start":{"line":1,"column":0},"end":{"line":1,"column":73}},"1":{"start":{"line":2,"column":0},"end":{"line":2,"column":66}},"2":{"start":{"line":3,"column":0},"end":{"line":3,"column":33}},"3":{"start":{"line":4,"column":0},"end":{"line":4,"column":40}},"4":{"start":{"line":5,"column":0},"end":{"line":5,"column":56}},"5":{"start":{"line":7,"column":23},"end":{"line":7,"column":31}},"6":{"start":{"line":31,"column":0},"end":{"line":31,"column":61}},"7":{"start":{"line":56,"column":0},"end":{"line":56,"column":70}},"8":{"start":{"line":58,"column":13},"end":{"line":58,"column":33}}},"fnMap":{},"branchMap":{},"s":{"0":1,"1":1,"2":1,"3":1,"4":1,"5":1,"6":1,"7":1,"8":1},"f":{},"b":{}}
,"C:\\Users\\KhangTran\\Desktop\\xfs-chat-app-backend\\src\\routes\\index.ts": {"path":"C:\\Users\\KhangTran\\Desktop\\xfs-chat-app-backend\\src\\routes\\index.ts","statementMap":{"0":{"start":{"line":1,"column":0},"end":{"line":1,"column":48}},"1":{"start":{"line":2,"column":0},"end":{"line":2,"column":33}},"2":{"start":{"line":3,"column":0},"end":{"line":3,"column":42}},"3":{"start":{"line":4,"column":0},"end":{"line":4,"column":42}},"4":{"start":{"line":5,"column":0},"end":{"line":5,"column":55}},"5":{"start":{"line":7,"column":23},"end":{"line":7,"column":31}},"6":{"start":{"line":9,"column":0},"end":{"line":9,"column":33}},"7":{"start":{"line":10,"column":0},"end":{"line":10,"column":32}},"8":{"start":{"line":11,"column":0},"end":{"line":11,"column":39}},"9":{"start":{"line":12,"column":0},"end":{"line":12,"column":41}},"10":{"start":{"line":14,"column":13},"end":{"line":14,"column":33}}},"fnMap":{},"branchMap":{},"s":{"0":1,"1":1,"2":1,"3":1,"4":1,"5":1,"6":1,"7":1,"8":1,"9":1,"10":1},"f":{},"b":{}}
,"C:\\Users\\KhangTran\\Desktop\\xfs-chat-app-backend\\src\\routes\\message.route.ts": {"path":"C:\\Users\\KhangTran\\Desktop\\xfs-chat-app-backend\\src\\routes\\message.route.ts","statementMap":{"0":{"start":{"line":1,"column":0},"end":{"line":1,"column":65}},"1":{"start":{"line":2,"column":0},"end":{"line":2,"column":67}},"2":{"start":{"line":3,"column":0},"end":{"line":3,"column":73}},"3":{"start":{"line":4,"column":0},"end":{"line":4,"column":76}},"4":{"start":{"line":5,"column":0},"end":{"line":5,"column":33}},"5":{"start":{"line":6,"column":0},"end":{"line":6,"column":null}},"6":{"start":{"line":12,"column":23},"end":{"line":12,"column":31}},"7":{"start":{"line":14,"column":0},"end":{"line":19,"column":2}},"8":{"start":{"line":20,"column":0},"end":{"line":25,"column":2}},"9":{"start":{"line":26,"column":0},"end":{"line":26,"column":61}},"10":{"start":{"line":28,"column":13},"end":{"line":28,"column":36}}},"fnMap":{},"branchMap":{},"s":{"0":1,"1":1,"2":1,"3":1,"4":1,"5":1,"6":1,"7":1,"8":1,"9":1,"10":1},"f":{},"b":{}}
,"C:\\Users\\KhangTran\\Desktop\\xfs-chat-app-backend\\src\\routes\\user-friend.route.ts": {"path":"C:\\Users\\KhangTran\\Desktop\\xfs-chat-app-backend\\src\\routes\\user-friend.route.ts","statementMap":{"0":{"start":{"line":1,"column":0},"end":{"line":1,"column":33}},"1":{"start":{"line":2,"column":0},"end":{"line":2,"column":null}},"2":{"start":{"line":6,"column":0},"end":{"line":6,"column":50}},"3":{"start":{"line":7,"column":0},"end":{"line":7,"column":76}},"4":{"start":{"line":8,"column":0},"end":{"line":8,"column":73}},"5":{"start":{"line":9,"column":23},"end":{"line":9,"column":31}},"6":{"start":{"line":46,"column":0},"end":{"line":51,"column":2}},"7":{"start":{"line":88,"column":0},"end":{"line":88,"column":66}},"8":{"start":{"line":90,"column":13},"end":{"line":90,"column":39}}},"fnMap":{},"branchMap":{},"s":{"0":1,"1":1,"2":1,"3":1,"4":1,"5":1,"6":1,"7":1,"8":1},"f":{},"b":{}}
,"C:\\Users\\KhangTran\\Desktop\\xfs-chat-app-backend\\src\\routes\\user.route.ts": {"path":"C:\\Users\\KhangTran\\Desktop\\xfs-chat-app-backend\\src\\routes\\user.route.ts","statementMap":{"0":{"start":{"line":1,"column":0},"end":{"line":1,"column":33}},"1":{"start":{"line":2,"column":0},"end":{"line":2,"column":75}},"2":{"start":{"line":3,"column":0},"end":{"line":3,"column":null}},"3":{"start":{"line":16,"column":0},"end":{"line":16,"column":75}},"4":{"start":{"line":17,"column":0},"end":{"line":17,"column":60}},"5":{"start":{"line":18,"column":0},"end":{"line":18,"column":55}},"6":{"start":{"line":19,"column":0},"end":{"line":19,"column":78}},"7":{"start":{"line":20,"column":0},"end":{"line":20,"column":68}},"8":{"start":{"line":21,"column":0},"end":{"line":21,"column":76}},"9":{"start":{"line":22,"column":0},"end":{"line":22,"column":73}},"10":{"start":{"line":24,"column":23},"end":{"line":24,"column":31}},"11":{"start":{"line":188,"column":0},"end":{"line":194,"column":2}},"12":{"start":{"line":217,"column":0},"end":{"line":222,"column":2}},"13":{"start":{"line":249,"column":0},"end":{"line":254,"column":2}},"14":{"start":{"line":287,"column":0},"end":{"line":293,"column":2}},"15":{"start":{"line":315,"column":0},"end":{"line":315,"column":73}},"16":{"start":{"line":332,"column":0},"end":{"line":332,"column":62}},"17":{"start":{"line":357,"column":0},"end":{"line":357,"column":55}},"18":{"start":{"line":378,"column":0},"end":{"line":383,"column":2}},"19":{"start":{"line":404,"column":0},"end":{"line":408,"column":2}},"20":{"start":{"line":428,"column":0},"end":{"line":432,"column":2}},"21":{"start":{"line":469,"column":0},"end":{"line":469,"column":65}},"22":{"start":{"line":484,"column":0},"end":{"line":484,"column":69}},"23":{"start":{"line":486,"column":13},"end":{"line":486,"column":33}}},"fnMap":{},"branchMap":{},"s":{"0":1,"1":1,"2":1,"3":1,"4":1,"5":1,"6":1,"7":1,"8":1,"9":1,"10":1,"11":1,"12":1,"13":1,"14":1,"15":1,"16":1,"17":1,"18":1,"19":1,"20":1,"21":1,"22":1,"23":1},"f":{},"b":{}}
,"C:\\Users\\KhangTran\\Desktop\\xfs-chat-app-backend\\src\\services\\auth.service.ts": {"path":"C:\\Users\\KhangTran\\Desktop\\xfs-chat-app-backend\\src\\services\\auth.service.ts","statementMap":{"0":{"start":{"line":1,"column":0},"end":{"line":1,"column":36}},"1":{"start":{"line":4,"column":27},"end":{"line":12,"column":1}},"2":{"start":{"line":5,"column":2},"end":{"line":11,"column":4}},"3":{"start":{"line":4,"column":13},"end":{"line":4,"column":27}}},"fnMap":{"0":{"name":"(anonymous_6)","decl":{"start":{"line":4,"column":27},"end":{"line":4,"column":28}},"loc":{"start":{"line":4,"column":42},"end":{"line":12,"column":1}}}},"branchMap":{"0":{"loc":{"start":{"line":7,"column":4},"end":{"line":7,"column":36}},"type":"binary-expr","locations":[{"start":{"line":7,"column":4},"end":{"line":7,"column":22}},{"start":{"line":7,"column":26},"end":{"line":7,"column":36}}]}},"s":{"0":1,"1":1,"2":4,"3":1},"f":{"0":4},"b":{"0":[4,4]}}
,"C:\\Users\\KhangTran\\Desktop\\xfs-chat-app-backend\\src\\services\\message.service.ts": {"path":"C:\\Users\\KhangTran\\Desktop\\xfs-chat-app-backend\\src\\services\\message.service.ts","statementMap":{"0":{"start":{"line":3,"column":0},"end":{"line":3,"column":44}},"1":{"start":{"line":4,"column":0},"end":{"line":4,"column":54}},"2":{"start":{"line":6,"column":0},"end":{"line":6,"column":68}},"3":{"start":{"line":8,"column":26},"end":{"line":10,"column":25}},"4":{"start":{"line":12,"column":29},"end":{"line":16,"column":1}},"5":{"start":{"line":13,"column":18},"end":{"line":13,"column":31}},"6":{"start":{"line":14,"column":2},"end":{"line":14,"column":30}},"7":{"start":{"line":15,"column":2},"end":{"line":15,"column":41}},"8":{"start":{"line":12,"column":13},"end":{"line":12,"column":29}},"9":{"start":{"line":18,"column":27},"end":{"line":56,"column":2}},"10":{"start":{"line":22,"column":4},"end":{"line":56,"column":2}},"11":{"start":{"line":23,"column":28},"end":{"line":26,"column":4}},"12":{"start":{"line":28,"column":16},"end":{"line":28,"column":57}},"13":{"start":{"line":30,"column":2},"end":{"line":32,"column":null}},"14":{"start":{"line":31,"column":4},"end":{"line":31,"column":35}},"15":{"start":{"line":34,"column":2},"end":{"line":36,"column":null}},"16":{"start":{"line":35,"column":4},"end":{"line":35,"column":65}},"17":{"start":{"line":38,"column":2},"end":{"line":40,"column":null}},"18":{"start":{"line":39,"column":4},"end":{"line":39,"column":49}},"19":{"start":{"line":42,"column":2},"end":{"line":44,"column":null}},"20":{"start":{"line":43,"column":4},"end":{"line":43,"column":53}},"21":{"start":{"line":46,"column":2},"end":{"line":48,"column":null}},"22":{"start":{"line":47,"column":4},"end":{"line":47,"column":53}},"23":{"start":{"line":50,"column":28},"end":{"line":50,"column":57}},"24":{"start":{"line":52,"column":2},"end":{"line":55,"column":4}},"25":{"start":{"line":18,"column":13},"end":{"line":18,"column":27}},"26":{"start":{"line":57,"column":29},"end":{"line":59,"column":2}},"27":{"start":{"line":57,"column":50},"end":{"line":59,"column":2}},"28":{"start":{"line":58,"column":2},"end":{"line":58,"column":38}},"29":{"start":{"line":57,"column":13},"end":{"line":57,"column":29}}},"fnMap":{"0":{"name":"(anonymous_8)","decl":{"start":{"line":12,"column":29},"end":{"line":12,"column":30}},"loc":{"start":{"line":12,"column":53},"end":{"line":16,"column":1}}},"1":{"name":"(anonymous_9)","decl":{"start":{"line":18,"column":27},"end":{"line":18,"column":null}},"loc":{"start":{"line":22,"column":4},"end":{"line":56,"column":2}}},"2":{"name":"(anonymous_10)","decl":{"start":{"line":22,"column":4},"end":{"line":22,"column":null}},"loc":{"start":{"line":22,"column":4},"end":{"line":56,"column":1}}},"3":{"name":"(anonymous_11)","decl":{"start":{"line":57,"column":29},"end":{"line":57,"column":36}},"loc":{"start":{"line":57,"column":50},"end":{"line":59,"column":2}}},"4":{"name":"(anonymous_12)","decl":{"start":{"line":57,"column":50},"end":{"line":57,"column":null}},"loc":{"start":{"line":57,"column":50},"end":{"line":59,"column":1}}}},"branchMap":{"0":{"loc":{"start":{"line":24,"column":11},"end":{"line":24,"column":21}},"type":"cond-expr","locations":[{"start":{"line":24,"column":14},"end":{"line":24,"column":16}},{"start":{"line":24,"column":11},"end":{"line":24,"column":21}}]},"1":{"loc":{"start":{"line":24,"column":11},"end":{"line":24,"column":16}},"type":"binary-expr","locations":[{"start":{"line":24,"column":11},"end":{"line":24,"column":16}},{"start":{"line":24,"column":11},"end":{"line":24,"column":16}}]},"2":{"loc":{"start":{"line":25,"column":12},"end":{"line":25,"column":23}},"type":"cond-expr","locations":[{"start":{"line":25,"column":15},"end":{"line":25,"column":17}},{"start":{"line":25,"column":12},"end":{"line":25,"column":23}}]},"3":{"loc":{"start":{"line":25,"column":12},"end":{"line":25,"column":17}},"type":"binary-expr","locations":[{"start":{"line":25,"column":12},"end":{"line":25,"column":17}},{"start":{"line":25,"column":12},"end":{"line":25,"column":17}}]},"4":{"loc":{"start":{"line":30,"column":2},"end":{"line":32,"column":null}},"type":"if","locations":[{"start":{"line":30,"column":2},"end":{"line":32,"column":null}}]},"5":{"loc":{"start":{"line":30,"column":7},"end":{"line":30,"column":25}},"type":"cond-expr","locations":[{"start":{"line":30,"column":14},"end":{"line":30,"column":16}},{"start":{"line":30,"column":7},"end":{"line":30,"
[...]
240,"column":2}},"130":{"start":{"line":233,"column":15},"end":{"line":235,"column":4}},"131":{"start":{"line":237,"column":2},"end":{"line":237,"column":74}},"132":{"start":{"line":239,"column":2},"end":{"line":239,"column":59}},"133":{"start":{"line":229,"column":13},"end":{"line":229,"column":34}}},"fnMap":{"0":{"name":"(anonymous_14)","decl":{"start":{"line":21,"column":29},"end":{"line":21,"column":36}},"loc":{"start":{"line":21,"column":69},"end":{"line":29,"column":2}}},"1":{"name":"(anonymous_15)","decl":{"start":{"line":21,"column":69},"end":{"line":21,"column":null}},"loc":{"start":{"line":21,"column":69},"end":{"line":29,"column":1}}},"2":{"name":"(anonymous_16)","decl":{"start":{"line":31,"column":22},"end":{"line":31,"column":29}},"loc":{"start":{"line":31,"column":62},"end":{"line":33,"column":2}}},"3":{"name":"(anonymous_17)","decl":{"start":{"line":31,"column":62},"end":{"line":31,"column":null}},"loc":{"start":{"line":31,"column":62},"end":{"line":33,"column":1}}},"4":{"name":"(anonymous_18)","decl":{"start":{"line":35,"column":24},"end":{"line":35,"column":null}},"loc":{"start":{"line":39,"column":4},"end":{"line":69,"column":2}}},"5":{"name":"(anonymous_19)","decl":{"start":{"line":39,"column":4},"end":{"line":39,"column":null}},"loc":{"start":{"line":39,"column":4},"end":{"line":69,"column":1}}},"6":{"name":"(anonymous_20)","decl":{"start":{"line":71,"column":35},"end":{"line":71,"column":null}},"loc":{"start":{"line":74,"column":4},"end":{"line":84,"column":2}}},"7":{"name":"(anonymous_21)","decl":{"start":{"line":74,"column":4},"end":{"line":74,"column":null}},"loc":{"start":{"line":74,"column":4},"end":{"line":84,"column":1}}},"8":{"name":"(anonymous_22)","decl":{"start":{"line":86,"column":32},"end":{"line":86,"column":39}},"loc":{"start":{"line":86,"column":73},"end":{"line":94,"column":2}}},"9":{"name":"(anonymous_23)","decl":{"start":{"line":86,"column":73},"end":{"line":86,"column":null}},"loc":{"start":{"line":86,"column":73},"end":{"line":94,"column":1}}},"10":{"name":"(anonymous_24)","decl":{"start":{"line":96,"column":32},"end":{"line":96,"column":39}},"loc":{"start":{"line":96,"column":73},"end":{"line":104,"column":2}}},"11":{"name":"(anonymous_25)","decl":{"start":{"line":96,"column":73},"end":{"line":96,"column":null}},"loc":{"start":{"line":96,"column":73},"end":{"line":104,"column":1}}},"12":{"name":"(anonymous_26)","decl":{"start":{"line":106,"column":43},"end":{"line":106,"column":50}},"loc":{"start":{"line":106,"column":70},"end":{"line":120,"column":2}}},"13":{"name":"(anonymous_27)","decl":{"start":{"line":106,"column":70},"end":{"line":106,"column":null}},"loc":{"start":{"line":106,"column":70},"end":{"line":120,"column":1}}},"14":{"name":"(anonymous_28)","decl":{"start":{"line":122,"column":40},"end":{"line":122,"column":47}},"loc":{"start":{"line":122,"column":64},"end":{"line":134,"column":2}}},"15":{"name":"(anonymous_29)","decl":{"start":{"line":122,"column":64},"end":{"line":122,"column":null}},"loc":{"start":{"line":122,"column":64},"end":{"line":134,"column":1}}},"16":{"name":"(anonymous_30)","decl":{"start":{"line":136,"column":31},"end":{"line":136,"column":38}},"loc":{"start":{"line":136,"column":55},"end":{"line":166,"column":2}}},"17":{"name":"(anonymous_31)","decl":{"start":{"line":136,"column":55},"end":{"line":136,"column":null}},"loc":{"start":{"line":136,"column":55},"end":{"line":166,"column":1}}},"18":{"name":"(anonymous_32)","decl":{"start":{"line":168,"column":26},"end":{"line":168,"column":33}},"loc":{"start":{"line":168,"column":55},"end":{"line":177,"column":2}}},"19":{"name":"(anonymous_33)","decl":{"start":{"line":168,"column":55},"end":{"line":168,"column":null}},"loc":{"start":{"line":168,"column":55},"end":{"line":177,"column":1}}},"20":{"name":"(anonymous_34)","decl":{"start":{"line":179,"column":26},"end":{"line":179,"column":33}},"loc":{"start":{"line":179,"column":67},"end":{"line":200,"column":2}}},"21":{"name":"(anonymous_35)","decl":{"start":{"line":179,"column":67},"end":{"line":179,"column":null}},"loc":{"start":{"line":179,"column":67},"end":{"line":200,"column":1}}},"22":{"name":"(anonymous_36)","decl":{"start":{"line":202,"column":26},"end":{"line":202,"column":33}},"loc":{"start":{"line":202,"column":47},"end":{"line":204,"column":2}}},"23":{"name":"(anonymous_37)","decl":{"start":{"line":202,"column":47},"end":{"line":202,"column":null}},"loc":{"start":{"line":202,"column":47},"end":{"line":204,"column":1}}},"24":{"name":"(anonymous_38)","decl":{"start":{"line":206,"column":33},"end":{"line":206,"column":40}},"loc":{"start":{"line":206,"column":74},"end":{"line":227,"column":2}}},"25":{"name":"(anonymous_39)","decl":{"start":{"line":206,"column":74},"end":{"line":206,"column":null}},"loc":{"start":{"line":206,"column":74},"end":{"line":227,"column":1}}},"26":{"name":"(anonymous_40)","decl":{"start":{"line":229,"column":34},"end":{"line":229,"column":null}},"loc":{"start":{"line":232,"column":4},"end":{"line":240,"column":2}}},"27":{"name":"(anonymous_41)","decl":{"start":{"line":232,"column":4},"end":{"line":232,"column":null}},"loc":{"start":{"line":232,"column":4},"end":{"line":240,"column":1}}}},"branchMap":{"0":{"loc":{"start":{"line":24,"column":2},"end":{"line":26,"column":null}},"type":"if","locations":[{"start":{"line":24,"column":2},"end":{"line":26,"column":null}}]},"1":{"loc":{"start":{"line":41,"column":11},"end":{"line":41,"column":21}},"type":"cond-expr","locations":[{"start":{"line":41,"column":14},"end":{"line":41,"column":16}},{"start":{"line":41,"column":11},"end":{"line":41,"column":21}}]},"2":{"loc":{"start":{"line":41,"column":11},"end":{"line":41,"column":16}},"type":"binary-expr","locations":[{"start":{"line":41,"column":11},"end":{"line":41,"column":16}},{"start":{"line":41,"column":11},"end":{"line":41,"column":16}}]},"3":{"loc":{"start":{"line":42,"column":12},"end":{"line":42,"column":23}},"type":"cond-expr","locations":[{"start":{"line":42,"column":15},"end":{"line":42,"column":17}},{"start":{"line":42,"column":12},"end":{"line":42,"column":23}}]},"4":{"loc":{"start":{"line":42,"column":12},"end":{"line":42,"column":17}},"type":"binary-expr","locations":[{"start":{"line":42,"column":12},"end":{"line":42,"column":17}},{"start":{"line":42,"column":12},"end":{"line":42,"column":17}}]},"5":{"loc":{"start":{"line":47,"column":2},"end":{"line":49,"column":null}},"type":"if","locations":[{"start":{"line":47,"column":2},"end":{"line":49,"column":null}}]},"6":{"loc":{"start":{"line":47,"column":7},"end":{"line":47,"column":25}},"type":"cond-expr","locations":[{"start":{"line":47,"column":14},"end":{"line":47,"column":16}},{"start":{"line":47,"column":7},"end":{"line":47,"column":25}}]},"7":{"loc":{"start":{"line":47,"column":7},"end":{"line":47,"column":16}},"type":"binary-expr","locations":[{"start":{"line":47,"column":7},"end":{"line":47,"column":16}},{"start":{"line":47,"column":7},"end":{"line":47,"column":16}}]},"8":{"loc":{"start":{"line":51,"column":2},"end":{"line":53,"column":null}},"type":"if","locations":[{"start":{"line":51,"column":2},"end":{"line":53,"column":null}}]},"9":{"loc":{"start":{"line":51,"column":6},"end":{"line":51,"column":12}},"type":"cond-expr","locations":[{"start":{"line":51,"column":9},"end":{"line":51,"column":11}},{"start":{"line":51,"column":6},"end":{"line":51,"column":12}}]},"10":{"loc":{"start":{"line":51,"column":6},"end":{"line":51,"column":11}},"type":"binary-expr","locations":[{"start":{"line":51,"column":6},"end":{"line":51,"column":11}},{"start":{"line":51,"column":6},"end":{"line":51,"column":11}}]},"11":{"loc":{"start":{"line":55,"column":2},"end":{"line":57,"column":null}},"type":"if","locations":[{"start":{"line":55,"column":2},"end":{"line":57,"column":null}}]},"12":{"loc":{"start":{"line":55,"column":6},"end":{"line":55,"column":17}},"type":"cond-expr","locations":[{"start":{"line":55,"column":9},"end":{"line":55,"column":11}},{"start":{"line":55,"column":6},"end":{"line":55,"column":17}}]},"13":{"loc":{"start":{"line":55,"column":6},"end":{"line":55,"column":11}},"type":"binary-expr","locations":[{"start":{"line":55,"column":6},"end":{"line":55,"column":11}},{"start":{"line":55,"column":6},"end":{"line":55,"column":11}}]},"14":{"loc":{"start":{"line":59,"column":2},"end":{"line":61,"column":null}},"type":"if","locations":[{"start":{"line":59,"column":2},"end":{"line":61,"column":null}}]},"15":{"loc":{"start":{"line":59,"column":6},"end":{"line":59,"column":17}},"type":"cond-expr","locations":[{"start":{"line":59,"column":13},"end":{"line":59,"column":15}},{"start":{"line":59,"column":6},"end":{"line":59,"column":17}}]},"16":{"loc":{"start":{"line":59,"column":6},"end":{"line":59,"column":15}},"type":"binary-expr","locations":[{"start":{"line":59,"column":6},"end":{"line":59,"column":15}},{"start":{"line":59,"column":6},"end":{"line":59,"column":15}}]},"17":{"loc":{"start":{"line":76,"column":27},"end":{"line":76,"column":48}},"type":"binary-expr","locations":[{"start":{"line":76,"column":27},"end":{"line":76,"column":33}},{"start":{"line":76,"column":37},"end":{"line":76,"column":48}}]},"18":{"loc":{"start":{"line":79,"column":2},"end":{"line":81,"column":null}},"type":"if","locations":[{"start":{"line":79,"column":2},"end":{"line":81,"column":null}}]},"19":{"loc":{"start":{"line":87,"column":50},"end":{"line":87,"column":71}},"type":"binary-expr","locations":[{"start":{"line":87,"column":50},"end":{"line":87,"column":56}},{"start":{"line":87,"column":60},"end":{"line":87,"column":71}}]},"20":{"loc":{"start":{"line":89,"column":2},"end":{"line":91,"column":null}},"type":"if","locations":[{"start":{"line":89,"column":2},"end":{"line":91,"column":null}}]},"21":{"loc":{"start":{"line":97,"column":50},"end":{"line":97,"column":71}},"type":"binary-expr","locations":[{"start":{"line":97,"column":50},"end":{"line":97,"column":56}},{"start":{"line":97,"column":60},"end":{"line":97,"column":71}}]},"22":{"loc":{"start":{"line":99,"column":2},"end":{"line":101,"column":null}},"type":"if","locations":[{"start":{"line":99,"column":2},"end":{"line":101,"column":null}}]},"23":{"loc":{"start":{"line":112,"column":4},"end":{"line":114,"column":null}},"type":"if","locations":[{"start":{"line":112,"column":4},"end":{"line":114,"column":null}}]},"24":{"loc":{"start":{"line":126,"column":4},"end":{"line":128,"column":null}},"type":"if","locations":[{"start":{"line":126,"column":4},"end":{"line":128,"column":null}}]},"25":{"loc":{"start":{"line":139,"column":2},"end":{"line":145,"column":null}},"type":"if","locations":[{"start":{"line":139,"column":2},"end":{"line":145,"column":null}}]},"26":{"loc":{"start":{"line":147,"column":2},"end":{"line":153,"column":null}},"type":"if","locations":[{"start":{"line":147,"column":2},"end":{"line":153,"column":null}}]},"27":{"loc":{"start":{"line":155,"column":2},"end":{"line":157,"column":null}},"type":"if","locations":[{"start":{"line":155,"column":2},"end":{"line":157,"column":null}}]},"28":{"loc":{"start":{"line":161,"column":2},"end":{"line":163,"column":null}},"type":"if","locations":[{"start":{"line":161,"column":2},"end":{"line":163,"column":null}}]},"29":{"loc":{"start":{"line":184,"column":2},"end":{"line":186,"column":null}},"type":"if","locations":[{"start":{"line":184,"column":2},"end":{"line":186,"column":null}}]},"30":{"loc":{"start":{"line":188,"column":2},"end":{"line":190,"column":null}},"type":"if","locations":[{"start":{"line":188,"column":2},"end":{"line":190,"column":null}}]},"31":{"loc":{"start":{"line":191,"column":2},"end":{"line":193,"column":null}},"type":"if","locations":[{"start":{"line":191,"column":2},"end":{"line":193,"column":null}}]},"32":{"loc":{"start":{"line":194,"column":2},"end":{"line":196,"column":null}},"type":"if","locations":[{"start":{"line":194,"column":2},"end":{"line":196,"column":null}}]},"33":{"loc":{"start":{"line":211,"column":2},"end":{"line":213,"column":null}},"type":"if","locations":[{"start":{"line":211,"column":2},"end":{"line":213,"column":null}}]},"34":{"loc":{"start":{"line":215,"column":2},"end":{"line":217,"column":null}},"type":"if","locations":[{"start":{"line":215,"column":2},"end":{"line":217,"column":null}}]},"35":{"loc":{"start":{"line":218,"column":2},"end":{"line":220,"column":null}},"type":"if","locations":[{"start":{"line":218,"column":2},"end":{"line":220,"column":null}}]},"36":{"loc":{"start":{"line":221,"column":2},"end":{"line":223,"column":null}},"type":"if","locations":[{"start":{"line":221,"column":2},"end":{"line":223,"column":null}}]}},"s":{"0":1,"1":1,"2":1,"3":1,"4":1,"5":1,"6":1,"7":1,"8":1,"9":1,"10":7,"11":7,"12":7,"13":0,"14":7,"15":1,"16":1,"17":22,"18":22,"19":1,"20":1,"21":0,"22":0,"23":0,"24":0,"25":0,"26":0,"27":0,"28":0,"29":0,"30":0,"31":0,"32":0,"33":0,"34":1,"35":1,"36":5,"37":5,"38":5,"39":2,"40":3,"41":1,"42":1,"43":4,"44":4,"45":4,"46":1,"47":3,"48":1,"49":1,"50":1,"51":1,"52":1,"53":0,"54":1,"55":1,"56":1,"57":2,"58":2,"59":2,"60":2,"61":0,"62":2,"63":0,"64":1,"65":1,"66":2,"67":2,"68":2,"69":2,"70":0,"71":2,"72":0,"73":1,"74":1,"75":10,"76":10,"77":1,"78":10,"79":9,"80":10,"81":5,"82":5,"83":5,"84":1,"85":4,"86":1,"87":1,"88":3,"89":3,"90":2,"91":2,"92":2,"93":2,"94":2,"95":1,"96":1,"97":0,"98":0,"99":0,"100":0,"101":0,"102":0,"103":0,"104":0,"105":0,"106":0,"107":0,"108":0,"109":1,"110":1,"111":0,"112":0,"113":1,"114":1,"115":6,"116":6,"117":6,"118":0,"119":6,"120":2,"121":5,"122":2,"123":4,"124":1,"125":4,"126":4,"127":1,"128":1,"129":0,"130":0,"131":0,"132":0,"133":1},"f":{"0":7,"1":7,"2":22,"3":22,"4":0,"5":0,"6":5,"7":5,"8":4,"9":4,"10":1,"11":1,"12":2,"13":2,"14":2,"15":2,"16":10,"17":10,"18":3,"19":3,"20":0,"21":0,"22":0,"23":0,"24":6,"25":6,"26":0,"27":0},"b":{"0":[0],"1":[0,0],"2":[0,0],"3":[0,0],"4":[0,0],"5":[0],"6":[0,0],"7":[0,0],"8":[0],"9":[0,0],"10":[0,0],"11":[0],"12":[0,0],"13":[0,0],"14":[0],"15":[0,0],"16":[0,0],"17":[5,2],"18":[2],"19":[4,2],"20":[1],"21":[1,1],"22":[0],"23":[0],"24":[0],"25":[1],"26":[9],"27":[5],"28":[1],"29":[0],"30":[0],"31":[0],"32":[0],"33":[0],"34":[2],"35":[2],"36":[1]}}
,"C:\\Users\\KhangTran\\Desktop\\xfs-chat-app-backend\\src\\shares\\base.entity.ts": {"path":"C:\\Users\\KhangTran\\Desktop\\xfs-chat-app-backend\\src\\shares\\base.entity.ts","statementMap":{"0":{"start":{"line":1,"column":0},"end":{"line":1,"column":null}},"1":{"start":{"line":6,"column":0},"end":{"line":6,"column":28}},"2":{"start":{"line":9,"column":2},"end":{"line":10,"column":null}},"3":{"start":{"line":12,"column":2},"end":{"line":23,"column":null}},"4":{"start":{"line":16,"column":8},"end":{"line":16,"column":29}},"5":{"start":{"line":19,"column":8},"end":{"line":19,"column":21}},"6":{"start":{"line":25,"column":2},"end":{"line":36,"column":null}},"7":{"start":{"line":29,"column":8},"end":{"line":29,"column":29}},"8":{"start":{"line":32,"column":8},"end":{"line":32,"column":21}},"9":{"start":{"line":8,"column":0},"end":{"line":8,"column":13}}},"fnMap":{"0":{"name":"(anonymous_3)","decl":{"start":{"line":15,"column":6},"end":{"line":15,"column":10}},"loc":{"start":{"line":15,"column":16},"end":{"line":17,"column":7}}},"1":{"name":"(anonymous_4)","decl":{"start":{"line":18,"column":6},"end":{"line":18,"column":8}},"loc":{"start":{"line":18,"column":14},"end":{"line":20,"column":7}}},"2":{"name":"(anonymous_5)","decl":{"start":{"line":28,"column":6},"end":{"line":28,"column":10}},"loc":{"start":{"line":28,"column":16},"end":{"line":30,"column":7}}},"3":{"name":"(anonymous_6)","decl":{"start":{"line":31,"column":6},"end":{"line":31,"column":8}},"loc":{"start":{"line":31,"column":14},"end":{"line":33,"column":7}}}},"branchMap":{},"s":{"0":1,"1":1,"2":1,"3":1,"4":29,"5":14,"6":1,"7":33,"8":14,"9":1},"f":{"0":29,"1":14,"2":33,"3":14},"b":{}}
,"C:\\Users\\KhangTran\\Desktop\\xfs-chat-app-backend\\src\\shares\\get-limit-and-offset.ts": {"path":"C:\\Users\\KhangTran\\Desktop\\xfs-chat-app-backend\\src\\shares\\get-limit-and-offset.ts","statementMap":{"0":{"start":{"line":6,"column":33},"end":{"line":17,"column":1}},"1":{"start":{"line":10,"column":17},"end":{"line":10,"column":40}},"2":{"start":{"line":11,"column":18},"end":{"line":11,"column":29}},"3":{"start":{"line":13,"column":2},"end":{"line":16,"column":4}},"4":{"start":{"line":6,"column":13},"end":{"line":6,"column":33}}},"fnMap":{"0":{"name":"(anonymous_0)","decl":{"start":{"line":6,"column":33},"end":{"line":6,"column":34}},"loc":{"start":{"line":9,"column":25},"end":{"line":17,"column":1}}}},"branchMap":{"0":{"loc":{"start":{"line":7,"column":2},"end":{"line":7,"column":12}},"type":"default-arg","locations":[{"start":{"line":7,"column":10},"end":{"line":7,"column":12}}]},"1":{"loc":{"start":{"line":8,"column":2},"end":{"line":8,"column":12}},"type":"default-arg","locations":[{"start":{"line":8,"column":11},"end":{"line":8,"column":12}}]},"2":{"loc":{"start":{"line":10,"column":17},"end":{"line":10,"column":40}},"type":"cond-expr","locations":[{"start":{"line":10,"column":30},"end":{"line":10,"column":32}},{"start":{"line":10,"column":35},"end":{"line":10,"column":40}}]},"3":{"loc":{"start":{"line":11,"column":18},"end":{"line":11,"column":29}},"type":"cond-expr","locations":[{"start":{"line":11,"column":18},"end":{"line":11,"column":24}},{"start":{"line":11,"column":28},"end":{"line":11,"column":29}}]},"4":{"loc":{"start":{"line":11,"column":18},"end":{"line":11,"column":28}},"type":"binary-expr","locations":[{"start":{"line":11,"column":18},"end":{"line":11,"column":28}},{"start":{"line":11,"column":18},"end":{"line":11,"column":28}}]}},"s":{"0":1,"1":0,"2":0,"3":0,"4":1},"f":{"0":0},"b":{"0":[0],"1":[0],"2":[0,0],"3":[0,0],"4":[0,0]}}
,"C:\\Users\\KhangTran\\Desktop\\xfs-chat-app-backend\\src\\shares\\http-exception.ts": {"path":"C:\\Users\\KhangTran\\Desktop\\xfs-chat-app-backend\\src\\shares\\http-exception.ts","statementMap":{"0":{"start":{"line":9,"column":4},"end":{"line":9,"column":19}},"1":{"start":{"line":10,"column":4},"end":{"line":10,"column":25}},"2":{"start":{"line":11,"column":4},"end":{"line":11,"column":27}},"3":{"start":{"line":12,"column":4},"end":{"line":12,"column":25}},"4":{"start":{"line":3,"column":0},"end":{"line":3,"column":13}}},"fnMap":{"0":{"name":"(anonymous_0)","decl":{"start":{"line":8,"column":2},"end":{"line":8,"column":14}},"loc":{"start":{"line":8,"column":74},"end":{"line":13,"column":3}}}},"branchMap":{},"s":{"0":20,"1":20,"2":20,"3":20,"4":1},"f":{"0":20},"b":{}}
,"C:\\Users\\KhangTran\\Desktop\\xfs-chat-app-backend\\src\\shares\\index.ts": {"path":"C:\\Users\\KhangTran\\Desktop\\xfs-chat-app-backend\\src\\shares\\index.ts","statementMap":{"0":{"start":{"line":1,"column":0},"end":{"line":1,"column":30}},"1":{"start":{"line":2,"column":0},"end":{"line":2,"column":36}},"2":{"start":{"line":3,"column":0},"end":{"line":3,"column":27}}},"fnMap":{},"branchMap":{},"s":{"0":1,"1":1,"2":1},"f":{},"b":{}}
,"C:\\Users\\KhangTran\\Desktop\\xfs-chat-app-backend\\src\\shares\\messages.ts": {"path":"C:\\Users\\KhangTran\\Desktop\\xfs-chat-app-backend\\src\\shares\\messages.ts","statementMap":{"0":{"start":{"line":1,"column":0},"end":{"line":1,"column":null}},"1":{"start":{"line":2,"column":2},"end":{"line":2,"column":null}},"2":{"start":{"line":3,"column":2},"end":{"line":3,"column":null}},"3":{"start":{"line":4,"column":2},"end":{"line":4,"column":null}},"4":{"start":{"line":5,"column":2},"end":{"line":5,"column":null}},"5":{"start":{"line":6,"column":2},"end":{"line":6,"column":null}},"6":{"start":{"line":7,"column":2},"end":{"line":7,"column":null}}},"fnMap":{"0":{"name":"(anonymous_0)","decl":{"start":{"line":1,"column":0},"end":{"line":1,"column":12}},"loc":{"start":{"line":1,"column":20},"end":{"line":8,"column":1}}}},"branchMap":{"0":{"loc":{"start":{"line":1,"column":12},"end":{"line":1,"column":null}},"type":"binary-expr","locations":[{"start":{"line":1,"column":12},"end":{"line":1,"column":20}},{"start":{"line":1,"column":12},"end":{"line":1,"column":null}}]}},"s":{"0":1,"1":1,"2":1,"3":1,"4":1,"5":1,"6":1},"f":{"0":1},"b":{"0":[1,1]}}
}
