TN:
SF:src\server.ts
FN:45,(anonymous_1)
FN:77,(anonymous_2)
FNF:2
FNH:2
FNDA:20,(anonymous_1)
FNDA:1,(anonymous_2)
DA:1,1
DA:2,1
DA:3,1
DA:4,1
DA:5,1
DA:6,1
DA:7,1
DA:8,1
DA:9,1
DA:10,1
DA:12,1
DA:13,1
DA:15,1
DA:37,1
DA:39,1
DA:40,1
DA:42,1
DA:43,1
DA:45,1
DA:51,20
DA:52,20
DA:61,0
DA:64,1
DA:65,1
DA:66,1
DA:67,1
DA:68,1
DA:73,1
DA:74,1
DA:75,1
DA:77,1
DA:78,1
DA:81,1
LF:33
LH:32
BRDA:12,0,0,1
BRDA:12,0,1,1
BRDA:13,1,0,1
BRDA:13,1,1,1
BRDA:51,2,0,20
BRDA:53,3,0,20
BRDA:53,3,1,0
BRF:7
BRH:6
end_of_record
TN:
SF:src\configs\Database.ts
FN:8,(anonymous_7)
FN:11,(anonymous_8)
FN:35,(anonymous_9)
FN:36,(anonymous_11)
FN:36,(anonymous_12)
FN:48,(anonymous_13)
FN:49,(anonymous_15)
FN:49,(anonymous_16)
FN:53,(anonymous_17)
FN:62,(anonymous_18)
FN:63,(anonymous_20)
FN:63,(anonymous_21)
FN:70,(anonymous_22)
FN:71,(anonymous_23)
FNF:14
FNH:14
FNDA:1,(anonymous_7)
FNDA:6,(anonymous_8)
FNDA:1,(anonymous_9)
FNDA:1,(anonymous_11)
FNDA:1,(anonymous_12)
FNDA:1,(anonymous_13)
FNDA:1,(anonymous_15)
FNDA:1,(anonymous_16)
FNDA:4,(anonymous_17)
FNDA:1,(anonymous_18)
FNDA:1,(anonymous_20)
FNDA:1,(anonymous_21)
FNDA:3,(anonymous_22)
FNDA:3,(anonymous_23)
DA:1,1
DA:2,1
DA:3,1
DA:4,1
DA:6,1
DA:8,1
DA:12,6
DA:13,1
DA:16,6
DA:19,1
DA:36,1
DA:37,1
DA:38,1
DA:39,1
DA:41,0
DA:45,1
DA:49,1
DA:50,1
DA:52,1
DA:53,4
DA:56,1
DA:59,1
DA:63,1
DA:64,1
DA:67,1
DA:71,3
DA:73,3
DA:74,0
DA:77,3
LF:29
LH:27
BRDA:12,0,0,1
BRDA:73,1,0,0
BRF:2
BRH:1
end_of_record
TN:
SF:src\controllers\auth.controller.ts
FN:9,(anonymous_7)
FN:13,(anonymous_8)
FN:24,(anonymous_9)
FN:28,(anonymous_10)
FNF:4
FNH:4
FNDA:10,(anonymous_7)
FNDA:10,(anonymous_8)
FNDA:3,(anonymous_9)
FNDA:3,(anonymous_10)
DA:2,1
DA:5,1
DA:6,1
DA:9,1
DA:13,10
DA:14,10
DA:15,10
DA:16,10
DA:17,4
DA:18,4
DA:20,6
DA:24,1
DA:28,3
DA:29,3
DA:30,3
DA:31,3
DA:32,2
DA:36,1
LF:18
LH:18
BRF:0
BRH:0
end_of_record
TN:
SF:src\controllers\message.controller.ts
FN:8,(anonymous_13)
FN:12,(anonymous_14)
FN:22,(anonymous_15)
FN:26,(anonymous_16)
FN:42,(anonymous_17)
FN:46,(anonymous_18)
FNF:6
FNH:0
FNDA:0,(anonymous_13)
FNDA:0,(anonymous_14)
FNDA:0,(anonymous_15)
FNDA:0,(anonymous_16)
FNDA:0,(anonymous_17)
FNDA:0,(anonymous_18)
DA:4,1
DA:5,1
DA:8,1
DA:12,0
DA:13,0
DA:14,0
DA:15,0
DA:16,0
DA:18,0
DA:22,1
DA:26,0
DA:27,0
DA:28,0
DA:29,0
DA:33,0
DA:38,0
DA:42,1
DA:46,0
DA:47,0
DA:48,0
DA:49,0
DA:50,0
DA:52,0
LF:23
LH:5
BRF:0
BRH:0
end_of_record
TN:
SF:src\controllers\user-friend.controller.ts
FN:8,(anonymous_13)
FN:12,(anonymous_14)
FN:28,(anonymous_15)
FN:32,(anonymous_16)
FNF:4
FNH:0
FNDA:0,(anonymous_13)
FNDA:0,(anonymous_14)
FNDA:0,(anonymous_15)
FNDA:0,(anonymous_16)
DA:2,1
DA:4,1
DA:8,1
DA:12,0
DA:13,0
DA:14,0
DA:15,0
DA:16,0
DA:19,0
DA:21,0
DA:22,0
DA:24,0
DA:28,1
DA:32,0
DA:33,0
DA:34,0
DA:36,0
DA:37,0
DA:40,0
DA:42,0
DA:46,0
DA:51,0
LF:22
LH:4
BRDA:15,0,0,0
BRDA:36,1,0,0
BRF:2
BRH:0
end_of_record
TN:
SF:src\controllers\user.controller.ts
FN:12,(anonymous_13)
FN:16,(anonymous_14)
FN:26,(anonymous_15)
FN:30,(anonymous_16)
FN:40,(anonymous_17)
FN:44,(anonymous_18)
FN:54,(anonymous_19)
FN:58,(anonymous_20)
FN:69,(anonymous_21)
FN:73,(anonymous_22)
FN:85,(anonymous_23)
FN:89,(anonymous_24)
FN:103,(anonymous_25)
FN:107,(anonymous_26)
FN:125,(anonymous_27)
FN:129,(anonymous_28)
FN:142,(anonymous_29)
FN:146,(anonymous_30)
FN:160,(anonymous_31)
FN:164,(anonymous_32)
FN:176,(anonymous_33)
FN:180,(anonymous_34)
FNF:22
FNH:8
FNDA:0,(anonymous_13)
FNDA:0,(anonymous_14)
FNDA:0,(anonymous_15)
FNDA:0,(anonymous_16)
FNDA:0,(anonymous_17)
FNDA:0,(anonymous_18)
FNDA:0,(anonymous_19)
FNDA:0,(anonymous_20)
FNDA:0,(anonymous_21)
FNDA:0,(anonymous_22)
FNDA:0,(anonymous_23)
FNDA:0,(anonymous_24)
FNDA:1,(anonymous_25)
FNDA:1,(anonymous_26)
FNDA:6,(anonymous_27)
FNDA:6,(anonymous_28)
FNDA:0,(anonymous_29)
FNDA:0,(anonymous_30)
FNDA:2,(anonymous_31)
FNDA:2,(anonymous_32)
FNDA:2,(anonymous_33)
FNDA:2,(anonymous_34)
DA:2,1
DA:5,1
DA:6,1
DA:12,1
DA:16,0
DA:17,0
DA:18,0
DA:19,0
DA:20,0
DA:22,0
DA:26,1
DA:30,0
DA:31,0
DA:32,0
DA:33,0
DA:34,0
DA:36,0
DA:40,1
DA:44,0
DA:45,0
DA:46,0
DA:47,0
DA:48,0
DA:50,0
DA:54,1
DA:58,0
DA:59,0
DA:60,0
DA:61,0
DA:63,0
DA:65,0
DA:69,1
DA:73,0
DA:74,0
DA:75,0
DA:76,0
DA:79,0
DA:81,0
DA:85,1
DA:89,0
DA:90,0
DA:91,0
DA:92,0
DA:94,0
DA:99,0
DA:103,1
DA:107,1
DA:108,1
DA:109,0
DA:112,1
DA:114,1
DA:115,1
DA:119,1
DA:121,0
DA:125,1
DA:129,6
DA:130,6
DA:131,6
DA:133,6
DA:135,6
DA:136,4
DA:138,2
DA:142,1
DA:146,0
DA:147,0
DA:148,0
DA:149,0
DA:150,0
DA:152,0
DA:153,0
DA:154,0
DA:156,0
DA:160,1
DA:164,2
DA:165,2
DA:166,2
DA:167,2
DA:170,2
DA:172,0
DA:176,1
DA:180,2
DA:181,2
DA:182,2
DA:183,2
DA:184,2
DA:186,0
LF:86
LH:37
BRDA:108,0,0,0
BRDA:149,1,0,0
BRF:2
BRH:0
end_of_record
TN:
SF:src\decorators\index.ts
FNF:0
FNH:0
DA:1,1
LF:1
LH:1
BRF:0
BRH:0
end_of_record
TN:
SF:src\decorators\is-not-blank.decorator.ts
FN:9,IsNotBlank
FN:10,(anonymous_2)
FN:22,(anonymous_3)
FN:26,(anonymous_4)
FNF:4
FNH:4
FNDA:8,IsNotBlank
FNDA:8,(anonymous_2)
FNDA:14,(anonymous_3)
FNDA:4,(anonymous_4)
DA:1,1
DA:9,1
DA:10,8
DA:11,8
DA:21,1
DA:23,14
DA:27,4
LF:7
LH:7
BRDA:23,0,0,14
BRDA:23,0,1,10
BRF:2
BRH:2
end_of_record
TN:
SF:src\dto\auth\auth-login.dto.ts
FNF:0
FNH:0
DA:1,1
DA:3,1
DA:4,1
DA:8,1
DA:12,1
LF:5
LH:5
BRF:0
BRH:0
end_of_record
TN:
SF:src\dto\auth\check-email-exists.dto.ts
FNF:0
FNH:0
DA:1,1
DA:3,1
DA:4,1
LF:3
LH:3
BRF:0
BRH:0
end_of_record
TN:
SF:src\dto\auth\check-username-exists.dto.ts
FNF:0
FNH:0
DA:1,1
DA:3,1
DA:4,1
LF:3
LH:3
BRF:0
BRH:0
end_of_record
TN:
SF:src\dto\auth\index.ts
FNF:0
FNH:0
DA:1,1
DA:2,1
DA:3,1
LF:3
LH:3
BRF:0
BRH:0
end_of_record
TN:
SF:src\dto\auth\register.dto.ts
FNF:0
FNH:0
DA:1,1
DA:2,1
DA:4,1
DA:5,1
DA:9,1
DA:13,1
LF:6
LH:6
BRF:0
BRH:0
end_of_record
TN:
SF:src\dto\friend\friend-request.dto.ts
FNF:0
FNH:0
DA:1,1
DA:2,1
DA:4,1
DA:5,1
LF:4
LH:4
BRF:0
BRH:0
end_of_record
TN:
SF:src\dto\friend\get-friend.dto.ts
FN:12,(anonymous_2)
FN:17,(anonymous_3)
FNF:2
FNH:0
FNDA:0,(anonymous_2)
FNDA:0,(anonymous_3)
DA:1,1
DA:2,1
DA:3,1
DA:5,1
DA:6,1
DA:10,1
DA:12,0
DA:15,1
DA:17,0
LF:9
LH:7
BRF:0
BRH:0
end_of_record
TN:
SF:src\dto\friend\index.ts
FNF:0
FNH:0
DA:1,1
DA:2,1
LF:2
LH:2
BRF:0
BRH:0
end_of_record
TN:
SF:src\dto\message\get-message.dto.ts
FN:16,(anonymous_2)
FN:21,(anonymous_3)
FNF:2
FNH:0
FNDA:0,(anonymous_2)
FNDA:0,(anonymous_3)
DA:1,1
DA:2,1
DA:3,1
DA:5,1
DA:6,1
DA:10,1
DA:14,1
DA:16,0
DA:19,1
DA:21,0
LF:10
LH:8
BRF:0
BRH:0
end_of_record
TN:
SF:src\dto\message\send-message.dto.ts
FNF:0
FNH:0
DA:1,1
DA:2,1
DA:4,1
DA:5,1
DA:9,1
DA:13,1
DA:17,1
LF:7
LH:7
BRF:0
BRH:0
end_of_record
TN:
SF:src\dto\user\create-user.dto.ts
FNF:0
FNH:0
DA:1,1
DA:2,1
DA:4,1
DA:5,1
DA:9,1
DA:13,1
LF:6
LH:6
BRF:0
BRH:0
end_of_record
TN:
SF:src\dto\user\get-user.dto.ts
FN:16,(anonymous_2)
FN:21,(anonymous_3)
FNF:2
FNH:0
FNDA:0,(anonymous_2)
FNDA:0,(anonymous_3)
DA:1,1
DA:2,1
DA:3,1
DA:5,1
DA:6,1
DA:10,1
DA:14,1
DA:16,0
DA:19,1
DA:21,0
LF:10
LH:8
BRF:0
BRH:0
end_of_record
TN:
SF:src\dto\user\index.ts
FNF:0
FNH:0
DA:1,1
DA:2,1
DA:3,1
DA:4,1
LF:4
LH:4
BRF:0
BRH:0
end_of_record
TN:
SF:src\dto\user\update-password-user.dto.ts
FNF:0
FNH:0
DA:1,1
DA:3,1
DA:4,1
LF:3
LH:3
BRF:0
BRH:0
end_of_record
TN:
SF:src\dto\user\update-user.dto.ts
FNF:0
FNH:0
DA:1,1
DA:3,1
DA:4,1
DA:8,1
DA:12,1
DA:16,1
DA:20,1
DA:24,1
DA:29,1
LF:9
LH:9
BRF:0
BRH:0
end_of_record
TN:
SF:src\entities\conversation.entity.ts
FN:11,(anonymous_2)
FN:11,(anonymous_3)
FNF:2
FNH:2
FNDA:1,(anonymous_2)
FNDA:1,(anonymous_3)
DA:2,1
DA:3,1
DA:4,1
DA:7,1
DA:8,1
DA:11,1
LF:6
LH:6
BRF:0
BRH:0
end_of_record
TN:
SF:src\entities\message.entity.ts
FN:14,(anonymous_2)
FN:14,(anonymous_3)
FN:17,(anonymous_4)
FN:17,(anonymous_5)
FNF:4
FNH:4
FNDA:1,(anonymous_2)
FNDA:1,(anonymous_3)
FNDA:1,(anonymous_4)
FNDA:1,(anonymous_5)
DA:1,1
DA:2,1
DA:3,1
DA:4,1
DA:7,1
DA:8,1
DA:11,1
DA:14,1
DA:17,1
LF:9
LH:9
BRF:0
BRH:0
end_of_record
TN:
SF:src\entities\user-friend.entity.ts
FN:14,(anonymous_2)
FN:17,(anonymous_3)
FN:17,(anonymous_4)
FNF:3
FNH:3
FNDA:1,(anonymous_2)
FNDA:1,(anonymous_3)
FNDA:1,(anonymous_4)
DA:1,1
DA:2,1
DA:3,1
DA:4,1
DA:7,1
DA:8,1
DA:14,1
DA:17,1
LF:8
LH:8
BRF:0
BRH:0
end_of_record
TN:
SF:src\entities\user.entity.ts
FN:40,(anonymous_2)
FN:40,(anonymous_3)
FN:43,(anonymous_4)
FN:43,(anonymous_5)
FNF:4
FNH:4
FNDA:1,(anonymous_2)
FNDA:1,(anonymous_3)
FNDA:1,(anonymous_4)
FNDA:1,(anonymous_5)
DA:1,1
DA:2,1
DA:3,1
DA:4,1
DA:5,1
DA:6,1
DA:9,1
DA:10,1
DA:13,1
DA:16,1
DA:19,1
DA:22,1
DA:25,1
DA:28,1
DA:31,1
DA:34,1
DA:37,1
DA:40,1
DA:43,1
LF:19
LH:19
BRF:0
BRH:0
end_of_record
TN:
SF:src\exceptions\exists.exception.ts
FN:5,(anonymous_0)
FNF:1
FNH:1
FNDA:3,(anonymous_0)
DA:1,1
DA:2,1
DA:4,1
DA:6,3
LF:4
LH:4
BRF:0
BRH:0
end_of_record
TN:
SF:src\exceptions\index.ts
FNF:0
FNH:0
DA:1,1
DA:2,1
DA:3,1
LF:3
LH:3
BRF:0
BRH:0
end_of_record
TN:
SF:src\exceptions\not-found.exception.ts
FN:5,(anonymous_0)
FN:10,(anonymous_1)
FNF:2
FNH:0
FNDA:0,(anonymous_0)
FNDA:0,(anonymous_1)
DA:1,1
DA:2,1
DA:4,1
DA:6,0
DA:9,1
DA:11,0
LF:6
LH:4
BRF:0
BRH:0
end_of_record
TN:
SF:src\exceptions\unauthorized.exception.ts
FN:5,(anonymous_0)
FN:10,(anonymous_1)
FNF:2
FNH:1
FNDA:11,(anonymous_0)
FNDA:0,(anonymous_1)
DA:1,1
DA:2,1
DA:4,1
DA:6,11
DA:9,1
DA:11,0
LF:6
LH:5
BRF:0
BRH:0
end_of_record
TN:
SF:src\interfaces\message.interface.ts
FN:4,(anonymous_0)
FNF:1
FNH:1
FNDA:1,(anonymous_0)
DA:4,1
DA:5,1
DA:6,1
DA:7,1
LF:4
LH:4
BRDA:4,0,0,1
BRDA:4,0,1,1
BRF:2
BRH:2
end_of_record
TN:
SF:src\interfaces\user-friend.interface.ts
FN:4,(anonymous_0)
FNF:1
FNH:1
FNDA:1,(anonymous_0)
DA:4,1
DA:5,1
DA:6,1
DA:7,1
LF:4
LH:4
BRDA:4,0,0,1
BRDA:4,0,1,1
BRF:2
BRH:2
end_of_record
TN:
SF:src\interfaces\user.interface.ts
FN:4,(anonymous_0)
FN:10,(anonymous_1)
FNF:2
FNH:2
FNDA:1,(anonymous_0)
FNDA:1,(anonymous_1)
DA:4,1
DA:5,1
DA:6,1
DA:7,1
DA:10,1
DA:11,1
DA:12,1
DA:13,1
DA:14,1
LF:9
LH:9
BRDA:4,0,0,1
BRDA:4,0,1,1
BRDA:10,1,0,1
BRDA:10,1,1,1
BRF:4
BRH:4
end_of_record
TN:
SF:src\middlewares\check-roles.middleware.ts
FN:11,(anonymous_8)
FN:25,roleMiddleware
FNF:2
FNH:0
FNDA:0,(anonymous_8)
FNDA:0,roleMiddleware
DA:3,1
DA:4,1
DA:5,1
DA:6,1
DA:7,1
DA:9,1
DA:11,1
DA:12,0
DA:14,0
DA:15,0
DA:17,0
DA:18,0
DA:19,0
DA:21,0
DA:25,1
DA:30,0
DA:31,0
DA:32,0
DA:33,0
DA:34,0
DA:36,0
DA:37,0
DA:40,0
DA:42,0
LF:24
LH:8
BRDA:14,0,0,0
BRDA:19,1,0,0
BRDA:19,1,1,0
BRDA:33,2,0,0
BRDA:36,3,0,0
BRF:5
BRH:0
end_of_record
TN:
SF:src\middlewares\passport.ts
FN:10,(anonymous_7)
FN:10,(anonymous_8)
FNF:2
FNH:2
FNDA:8,(anonymous_7)
FNDA:8,(anonymous_8)
DA:1,1
DA:2,1
DA:3,1
DA:5,1
DA:10,8
DA:11,8
DA:12,8
DA:14,8
DA:15,8
DA:18,0
DA:20,0
LF:11
LH:9
BRDA:7,0,0,1
BRDA:7,0,1,1
BRDA:14,1,0,8
BRF:3
BRH:3
end_of_record
TN:
SF:src\middlewares\require-auth.middleware.ts
FN:5,requireAuthMiddleware
FN:10,(anonymous_2)
FNF:2
FNH:2
FNDA:13,requireAuthMiddleware
FNDA:13,(anonymous_2)
DA:2,1
DA:3,1
DA:5,1
DA:10,13
DA:11,13
DA:12,13
DA:13,5
DA:16,13
DA:17,13
LF:9
LH:9
BRDA:11,0,0,0
BRDA:12,1,0,5
BRF:2
BRH:1
end_of_record
TN:
SF:src\middlewares\validation.middleware.ts
FN:14,(anonymous_7)
FN:15,(anonymous_8)
FN:21,(anonymous_9)
FN:33,(anonymous_10)
FN:34,(anonymous_11)
FN:34,(anonymous_12)
FNF:6
FNH:6
FNDA:14,(anonymous_7)
FNDA:8,(anonymous_8)
FNDA:14,(anonymous_9)
FNDA:12,(anonymous_10)
FNDA:29,(anonymous_11)
FNDA:29,(anonymous_12)
DA:2,1
DA:3,1
DA:4,1
DA:14,1
DA:15,14
DA:16,8
DA:17,8
DA:20,8
DA:21,8
DA:22,14
DA:30,14
DA:33,1
DA:34,29
DA:35,29
DA:36,29
DA:37,29
DA:38,29
DA:40,29
DA:41,6
DA:48,23
DA:50,6
DA:55,1
LF:22
LH:22
BRDA:16,0,0,8
BRDA:21,1,0,8
BRDA:21,1,1,0
BRDA:40,2,0,6
BRF:4
BRH:3
end_of_record
TN:
SF:src\routes\auth.route.ts
FNF:0
FNH:0
DA:1,1
DA:2,1
DA:3,1
DA:4,1
DA:5,1
DA:7,1
DA:31,1
DA:56,1
DA:58,1
LF:9
LH:9
BRF:0
BRH:0
end_of_record
TN:
SF:src\routes\index.ts
FNF:0
FNH:0
DA:1,1
DA:2,1
DA:3,1
DA:4,1
DA:5,1
DA:7,1
DA:9,1
DA:10,1
DA:11,1
DA:12,1
DA:14,1
LF:11
LH:11
BRF:0
BRH:0
end_of_record
TN:
SF:src\routes\message.route.ts
FNF:0
FNH:0
DA:1,1
DA:2,1
DA:3,1
DA:4,1
DA:5,1
DA:6,1
DA:12,1
DA:14,1
DA:20,1
DA:26,1
DA:28,1
LF:11
LH:11
BRF:0
BRH:0
end_of_record
TN:
SF:src\routes\user-friend.route.ts
FNF:0
FNH:0
DA:1,1
DA:2,1
DA:6,1
DA:7,1
DA:8,1
DA:9,1
DA:46,1
DA:88,1
DA:90,1
LF:9
LH:9
BRF:0
BRH:0
end_of_record
TN:
SF:src\routes\user.route.ts
FNF:0
FNH:0
DA:1,1
DA:2,1
DA:3,1
DA:16,1
DA:17,1
DA:18,1
DA:19,1
DA:20,1
DA:21,1
DA:22,1
DA:24,1
DA:188,1
DA:217,1
DA:249,1
DA:287,1
DA:315,1
DA:332,1
DA:357,1
DA:378,1
DA:404,1
DA:428,1
DA:469,1
DA:484,1
DA:486,1
LF:24
LH:24
BRF:0
BRH:0
end_of_record
TN:
SF:src\services\auth.service.ts
FN:4,(anonymous_6)
FNF:1
FNH:1
FNDA:4,(anonymous_6)
DA:1,1
DA:4,1
DA:5,4
LF:3
LH:3
BRDA:7,0,0,4
BRDA:7,0,1,4
BRF:2
BRH:2
end_of_record
TN:
SF:src\services\message.service.ts
FN:12,(anonymous_8)
FN:18,(anonymous_9)
FN:22,(anonymous_10)
FN:57,(anonymous_11)
FN:57,(anonymous_12)
FNF:5
FNH:0
FNDA:0,(anonymous_8)
FNDA:0,(anonymous_9)
FNDA:0,(anonymous_10)
FNDA:0,(anonymous_11)
FNDA:0,(anonymous_12)
DA:3,1
DA:4,1
DA:6,1
DA:8,1
DA:12,1
DA:13,0
DA:14,0
DA:15,0
DA:18,1
DA:22,0
DA:23,0
DA:28,0
DA:30,0
DA:31,0
DA:34,0
DA:35,0
DA:38,0
DA:39,0
DA:42,0
DA:43,0
DA:46,0
DA:47,0
DA:50,0
DA:52,0
DA:57,1
DA:58,0
LF:26
LH:7
BRDA:24,0,0,0
BRDA:24,0,1,0
BRDA:24,1,0,0
BRDA:24,1,1,0
BRDA:25,2,0,0
BRDA:25,2,1,0
BRDA:25,3,0,0
BRDA:25,3,1,0
BRDA:30,4,0,0
BRDA:30,5,0,0
BRDA:30,5,1,0
BRDA:30,6,0,0
BRDA:30,6,1,0
BRDA:34,7,0,0
BRDA:38,8,0,0
BRDA:38,9,0,0
BRDA:38,9,1,0
BRDA:38,10,0,0
BRDA:38,10,1,0
BRDA:42,11,0,0
BRDA:42,12,0,0
BRDA:42,12,1,0
BRDA:42,13,0,0
BRDA:42,13,1,0
BRDA:46,14,0,0
BRDA:46,15,0,0
BRDA:46,15,1,0
BRDA:46,16,0,0
BRDA:46,16,1,0
BRF:29
BRH:0
end_of_record
TN:
SF:src\services\user-friend.service.ts
FN:12,(anonymous_8)
FN:12,(anonymous_9)
FN:22,(anonymous_10)
FN:22,(anonymous_11)
FN:26,(anonymous_12)
FN:30,(anonymous_13)
FNF:6
FNH:0
FNDA:0,(anonymous_8)
FNDA:0,(anonymous_9)
FNDA:0,(anonymous_10)
FNDA:0,(anonymous_11)
FNDA:0,(anonymous_12)
FNDA:0,(anonymous_13)
DA:2,1
DA:3,1
DA:4,1
DA:8,1
DA:12,1
DA:13,0
DA:14,0
DA:18,0
DA:19,0
DA:22,1
DA:23,0
DA:26,1
DA:30,0
DA:31,0
DA:36,0
DA:38,0
DA:39,0
DA:42,0
DA:44,0
DA:46,0
DA:47,0
DA:50,0
DA:51,0
DA:54,0
DA:56,0
DA:58,0
LF:26
LH:7
BRDA:32,0,0,0
BRDA:32,0,1,0
BRDA:32,1,0,0
BRDA:32,1,1,0
BRDA:33,2,0,0
BRDA:33,2,1,0
BRDA:33,3,0,0
BRDA:33,3,1,0
BRDA:38,4,0,0
BRDA:38,5,0,0
BRDA:38,5,1,0
BRDA:38,6,0,0
BRDA:38,6,1,0
BRDA:46,7,0,0
BRDA:46,8,0,0
BRDA:46,8,1,0
BRDA:46,9,0,0
BRDA:46,9,1,0
BRDA:47,10,0,0
BRDA:47,10,1,0
BRDA:47,11,0,0
BRDA:47,11,1,0
BRDA:50,12,0,0
BRDA:50,13,0,0
BRDA:50,13,1,0
BRDA:50,14,0,0
BRDA:50,14,1,0
BRF:27
BRH:0
end_of_record
TN:
SF:src\services\user.service.ts
FN:21,(anonymous_14)
FN:21,(anonymous_15)
FN:31,(anonymous_16)
FN:31,(anonymous_17)
FN:35,(anonymous_18)
FN:39,(anonymous_19)
FN:71,(anonymous_20)
FN:74,(anonymous_21)
FN:86,(anonymous_22)
FN:86,(anonymous_23)
FN:96,(anonymous_24)
FN:96,(anonymous_25)
FN:106,(anonymous_26)
FN:106,(anonymous_27)
FN:122,(anonymous_28)
FN:122,(anonymous_29)
FN:136,(anonymous_30)
FN:136,(anonymous_31)
FN:168,(anonymous_32)
FN:168,(anonymous_33)
FN:179,(anonymous_34)
FN:179,(anonymous_35)
FN:202,(anonymous_36)
FN:202,(anonymous_37)
FN:206,(anonymous_38)
FN:206,(anonymous_39)
FN:229,(anonymous_40)
FN:232,(anonymous_41)
FNF:28
FNH:20
FNDA:7,(anonymous_14)
FNDA:7,(anonymous_15)
FNDA:22,(anonymous_16)
FNDA:22,(anonymous_17)
FNDA:0,(anonymous_18)
FNDA:0,(anonymous_19)
FNDA:5,(anonymous_20)
FNDA:5,(anonymous_21)
FNDA:4,(anonymous_22)
FNDA:4,(anonymous_23)
FNDA:1,(anonymous_24)
FNDA:1,(anonymous_25)
FNDA:2,(anonymous_26)
FNDA:2,(anonymous_27)
FNDA:2,(anonymous_28)
FNDA:2,(anonymous_29)
FNDA:10,(anonymous_30)
FNDA:10,(anonymous_31)
FNDA:3,(anonymous_32)
FNDA:3,(anonymous_33)
FNDA:0,(anonymous_34)
FNDA:0,(anonymous_35)
FNDA:0,(anonymous_36)
FNDA:0,(anonymous_37)
FNDA:6,(anonymous_38)
FNDA:6,(anonymous_39)
FNDA:0,(anonymous_40)
FNDA:0,(anonymous_41)
DA:3,1
DA:4,1
DA:6,1
DA:7,1
DA:8,1
DA:12,1
DA:14,1
DA:15,1
DA:17,1
DA:21,7
DA:22,7
DA:24,7
DA:25,0
DA:28,7
DA:31,22
DA:32,22
DA:35,1
DA:39,0
DA:40,0
DA:45,0
DA:47,0
DA:48,0
DA:51,0
DA:52,0
DA:55,0
DA:56,0
DA:59,0
DA:60,0
DA:63,0
DA:65,0
DA:71,1
DA:74,5
DA:75,5
DA:79,5
DA:80,2
DA:83,3
DA:86,4
DA:87,4
DA:89,4
DA:90,1
DA:93,3
DA:96,1
DA:97,1
DA:99,1
DA:100,0
DA:103,1
DA:106,2
DA:107,2
DA:108,2
DA:112,2
DA:113,0
DA:116,2
DA:118,0
DA:122,2
DA:123,2
DA:124,2
DA:126,2
DA:127,0
DA:130,2
DA:132,0
DA:136,10
DA:139,10
DA:140,1
DA:147,10
DA:148,9
DA:155,10
DA:156,5
DA:159,5
DA:161,5
DA:162,1
DA:165,4
DA:168,3
DA:169,3
DA:170,2
DA:172,2
DA:173,2
DA:174,2
DA:176,2
DA:179,1
DA:180,0
DA:184,0
DA:185,0
DA:188,0
DA:189,0
DA:191,0
DA:192,0
DA:194,0
DA:195,0
DA:198,0
DA:199,0
DA:202,1
DA:203,0
DA:206,6
DA:207,6
DA:211,6
DA:212,0
DA:215,6
DA:216,2
DA:218,5
DA:219,2
DA:221,4
DA:222,1
DA:225,4
DA:226,4
DA:229,1
DA:232,0
DA:233,0
DA:237,0
DA:239,0
LF:109
LH:73
BRDA:24,0,0,0
BRDA:41,1,0,0
BRDA:41,1,1,0
BRDA:41,2,0,0
BRDA:41,2,1,0
BRDA:42,3,0,0
BRDA:42,3,1,0
BRDA:42,4,0,0
BRDA:42,4,1,0
BRDA:47,5,0,0
BRDA:47,6,0,0
BRDA:47,6,1,0
BRDA:47,7,0,0
BRDA:47,7,1,0
BRDA:51,8,0,0
BRDA:51,9,0,0
BRDA:51,9,1,0
BRDA:51,10,0,0
BRDA:51,10,1,0
BRDA:55,11,0,0
BRDA:55,12,0,0
BRDA:55,12,1,0
BRDA:55,13,0,0
BRDA:55,13,1,0
BRDA:59,14,0,0
BRDA:59,15,0,0
BRDA:59,15,1,0
BRDA:59,16,0,0
BRDA:59,16,1,0
BRDA:76,17,0,5
BRDA:76,17,1,2
BRDA:79,18,0,2
BRDA:87,19,0,4
BRDA:87,19,1,2
BRDA:89,20,0,1
BRDA:97,21,0,1
BRDA:97,21,1,1
BRDA:99,22,0,0
BRDA:112,23,0,0
BRDA:126,24,0,0
BRDA:139,25,0,1
BRDA:147,26,0,9
BRDA:155,27,0,5
BRDA:161,28,0,1
BRDA:184,29,0,0
BRDA:188,30,0,0
BRDA:191,31,0,0
BRDA:194,32,0,0
BRDA:211,33,0,0
BRDA:215,34,0,2
BRDA:218,35,0,2
BRDA:221,36,0,1
BRF:52
BRH:15
end_of_record
TN:
SF:src\shares\base.entity.ts
FN:15,(anonymous_3)
FN:18,(anonymous_4)
FN:28,(anonymous_5)
FN:31,(anonymous_6)
FNF:4
FNH:4
FNDA:29,(anonymous_3)
FNDA:14,(anonymous_4)
FNDA:33,(anonymous_5)
FNDA:14,(anonymous_6)
DA:1,1
DA:6,1
DA:8,1
DA:9,1
DA:12,1
DA:16,29
DA:19,14
DA:25,1
DA:29,33
DA:32,14
LF:10
LH:10
BRF:0
BRH:0
end_of_record
TN:
SF:src\shares\get-limit-and-offset.ts
FN:6,(anonymous_0)
FNF:1
FNH:0
FNDA:0,(anonymous_0)
DA:6,1
DA:10,0
DA:11,0
DA:13,0
LF:4
LH:1
BRDA:7,0,0,0
BRDA:8,1,0,0
BRDA:10,2,0,0
BRDA:10,2,1,0
BRDA:11,3,0,0
BRDA:11,3,1,0
BRDA:11,4,0,0
BRDA:11,4,1,0
BRF:8
BRH:0
end_of_record
TN:
SF:src\shares\http-exception.ts
FN:8,(anonymous_0)
FNF:1
FNH:1
FNDA:20,(anonymous_0)
DA:3,1
DA:9,20
DA:10,20
DA:11,20
DA:12,20
LF:5
LH:5
BRF:0
BRH:0
end_of_record
TN:
SF:src\shares\index.ts
FNF:0
FNH:0
DA:1,1
DA:2,1
DA:3,1
LF:3
LH:3
BRF:0
BRH:0
end_of_record
TN:
SF:src\shares\messages.ts
FN:1,(anonymous_0)
FNF:1
FNH:1
FNDA:1,(anonymous_0)
DA:1,1
DA:2,1
DA:3,1
DA:4,1
DA:5,1
DA:6,1
DA:7,1
LF:7
LH:7
BRDA:1,0,0,1
BRDA:1,0,1,1
BRF:2
BRH:2
end_of_record
